<?xml version="1.0" encoding="UTF-8" ?>
<testsuites name="vitest tests" tests="11" failures="7" errors="0" time="10.5813268">
    <testsuite name="src/App.test.tsx" timestamp="2025-12-01T14:26:32.225Z" hostname="Z30E3-A45D-140C" tests="11" failures="7" errors="0" skipped="0" time="10.5813268">
        <testcase classname="src/App.test.tsx" name="App - Step 1: Basic Payment List &gt; should fetch and display payments in a table with page=1 and pageSize=5" time="0.1584087">
        </testcase>
        <testcase classname="src/App.test.tsx" name="App - Step 2: Search by Payment ID &gt; should have a search input for payment ID" time="0.011616">
        </testcase>
        <testcase classname="src/App.test.tsx" name="App - Step 2: Search by Payment ID &gt; should search for payments by payment ID" time="0.0367318">
        </testcase>
        <testcase classname="src/App.test.tsx" name="App - Step 3: Clear Filters &gt; should clear all filters when clear button is clicked" time="0.0457179">
        </testcase>
        <testcase classname="src/App.test.tsx" name="App - Step 4: Handle Payment Not Found &gt; should display error message when payment ID is not found" time="5.0182754">
            <system-err>
Error fetching payments: Error: HTTP 404: Not Found
    at fetchPayments [90m(C:\Users\n456485\Documents\learning\payment-list-challenge-react\[39msrc\services\paymentServices.ts:38:15[90m)[39m
    at [90mC:\Users\n456485\Documents\learning\payment-list-challenge-react\[39msrc\hooks\usePayments.ts:33:26

            </system-err>
            <failure message="Test timed out in 5000ms.
If this is a long-running test, pass a timeout value as the last argument or configure it globally with &quot;testTimeout&quot;." type="Error">
Error: Test timed out in 5000ms.
If this is a long-running test, pass a timeout value as the last argument or configure it globally with &quot;testTimeout&quot;.
 ❯ src/App.test.tsx:146:3
            </failure>
        </testcase>
        <testcase classname="src/App.test.tsx" name="App - Step 5: Handle Server Error &gt; should display error message when API returns 500" time="5.0053966">
            <system-err>
Error fetching payments: Error: HTTP 500: Internal Server Error
    at fetchPayments [90m(C:\Users\n456485\Documents\learning\payment-list-challenge-react\[39msrc\services\paymentServices.ts:38:15[90m)[39m
    at [90mC:\Users\n456485\Documents\learning\payment-list-challenge-react\[39msrc\hooks\usePayments.ts:33:26

            </system-err>
            <failure message="Test timed out in 5000ms.
If this is a long-running test, pass a timeout value as the last argument or configure it globally with &quot;testTimeout&quot;." type="Error">
Error: Test timed out in 5000ms.
If this is a long-running test, pass a timeout value as the last argument or configure it globally with &quot;testTimeout&quot;.
 ❯ src/App.test.tsx:160:3
            </failure>
        </testcase>
        <testcase classname="src/App.test.tsx" name="App - Step 6: Currency Filter &gt; should have a currency filter dropdown" time="0.0545593">
            <failure message="Unable to find an accessible element with the role &quot;combobox&quot; and name &quot;Filter by currency&quot;

Here are the accessible roles:

  banner:

  Name &quot;&quot;:
  [36m&lt;header[39m
    [33mclass[39m=[32m&quot;bg-white shadow-sm&quot;[39m
  [36m/&gt;[39m

  --------------------------------------------------
  heading:

  Name &quot;Checkout.com&quot;:
  [36m&lt;h1[39m
    [33mclass[39m=[32m&quot;text-3xl font-bold text-gray-900&quot;[39m
  [36m/&gt;[39m

  Name &quot;All payments&quot;:
  [36m&lt;h2[39m
    [33mclass[39m=[32m&quot;sc-hvigdm fBPVuT&quot;[39m
  [36m/&gt;[39m

  --------------------------------------------------
  main:

  Name &quot;&quot;:
  [36m&lt;main[39m
    [33mclass[39m=[32m&quot;max-w-7xl mx-auto py-6 sm:px-6 lg:px-8&quot;[39m
  [36m/&gt;[39m

  --------------------------------------------------
  textbox:

  Name &quot;&quot;:
  [36m&lt;input[39m
    [33mclass[39m=[32m&quot;sc-dTvVRJ fpvSvd&quot;[39m
    [33mplaceholder[39m=[32m&quot;Enter payment ID&quot;[39m
    [33mtype[39m=[32m&quot;text&quot;[39m
    [33mvalue[39m=[32m&quot;&quot;[39m
  [36m/&gt;[39m

  --------------------------------------------------
  button:

  Name &quot;Search&quot;:
  [36m&lt;button[39m
    [33mclass[39m=[32m&quot;sc-hjsuWn dbdxIj&quot;[39m
  [36m/&gt;[39m

  --------------------------------------------------
  table:

  Name &quot;&quot;:
  [36m&lt;table[39m
    [33mclass[39m=[32m&quot;sc-dYwGCk eULYsB&quot;[39m
  [36m/&gt;[39m

  --------------------------------------------------
  rowgroup:

  Name &quot;&quot;:
  [36m&lt;thead[39m
    [33mclass[39m=[32m&quot;sc-gGKoUb hOCBLK&quot;[39m
  [36m/&gt;[39m

  Name &quot;&quot;:
  [36m&lt;tbody[39m
    [33mclass[39m=[32m&quot;sc-jaXbil MdBot&quot;[39m
  [36m/&gt;[39m

  --------------------------------------------------
  row:

  Name &quot;Payment ID Date Amount Customer Currency Status&quot;:
  [36m&lt;tr[39m
    [33mclass[39m=[32m&quot;sc-hwddKA dZtaYe&quot;[39m
  [36m/&gt;[39m

  Name &quot;No payments found.&quot;:
  [36m&lt;tr /&gt;[39m

  --------------------------------------------------
  columnheader:

  Name &quot;Payment ID&quot;:
  [36m&lt;th[39m
    [33mclass[39m=[32m&quot;sc-lgpSej ZfqIb&quot;[39m
  [36m/&gt;[39m

  Name &quot;Date&quot;:
  [36m&lt;th[39m
    [33mclass[39m=[32m&quot;sc-lgpSej ZfqIb&quot;[39m
  [36m/&gt;[39m

  Name &quot;Amount&quot;:
  [36m&lt;th[39m
    [33mclass[39m=[32m&quot;sc-lgpSej ZfqIb&quot;[39m
  [36m/&gt;[39m

  Name &quot;Customer&quot;:
  [36m&lt;th[39m
    [33mclass[39m=[32m&quot;sc-lgpSej ZfqIb&quot;[39m
  [36m/&gt;[39m

  Name &quot;Currency&quot;:
  [36m&lt;th[39m
    [33mclass[39m=[32m&quot;sc-lgpSej ZfqIb&quot;[39m
  [36m/&gt;[39m

  Name &quot;Status&quot;:
  [36m&lt;th[39m
    [33mclass[39m=[32m&quot;sc-lgpSej ZfqIb&quot;[39m
  [36m/&gt;[39m

  --------------------------------------------------
  cell:

  Name &quot;No payments found.&quot;:
  [36m&lt;td[39m
    [33mcolspan[39m=[32m&quot;6&quot;[39m
  [36m/&gt;[39m

  --------------------------------------------------

Ignored nodes: comments, script, style
[36m&lt;body&gt;[39m
  [36m&lt;div&gt;[39m
    [36m&lt;div[39m
      [33mclass[39m=[32m&quot;min-h-screen bg-gray-50&quot;[39m
    [36m&gt;[39m
      [36m&lt;header[39m
        [33mclass[39m=[32m&quot;bg-white shadow-sm&quot;[39m
      [36m&gt;[39m
        [36m&lt;div[39m
          [33mclass[39m=[32m&quot;max-w-7xl mx-auto py-6 px-4 sm:px-6 lg:px-8&quot;[39m
        [36m&gt;[39m
          [36m&lt;h1[39m
            [33mclass[39m=[32m&quot;text-3xl font-bold text-gray-900&quot;[39m
          [36m&gt;[39m
            [0mCheckout.com[0m
          [36m&lt;/h1&gt;[39m
        [36m&lt;/div&gt;[39m
      [36m&lt;/header&gt;[39m
      [36m&lt;main[39m
        [33mclass[39m=[32m&quot;max-w-7xl mx-auto py-6 sm:px-6 lg:px-8&quot;[39m
      [36m&gt;[39m
        [36m&lt;div[39m
          [33mclass[39m=[32m&quot;sc-bRKDuR jKQypZ&quot;[39m
        [36m&gt;[39m
          [36m&lt;h2[39m
            [33mclass[39m=[32m&quot;sc-hvigdm fBPVuT&quot;[39m
          [36m&gt;[39m
            [0mAll payments[0m
          [36m&lt;/h2&gt;[39m
          [36m&lt;div[39m
            [33mclass[39m=[32m&quot;sc-fhHczv iXDOkW&quot;[39m
          [36m&gt;[39m
            [36m&lt;input[39m
              [33mclass[39m=[32m&quot;sc-dTvVRJ fpvSvd&quot;[39m
              [33mplaceholder[39m=[32m&quot;Enter payment ID&quot;[39m
              [33mtype[39m=[32m&quot;text&quot;[39m
              [33mvalue[39m=[32m&quot;&quot;[39m
            [36m/&gt;[39m
            [36m&lt;button[39m
              [33mclass[39m=[32m&quot;sc-hjsuWn dbdxIj&quot;[39m
            [36m&gt;[39m
              [0mSearch[0m
            [36m&lt;/button&gt;[39m
          [36m&lt;/div&gt;[39m
          [36m&lt;div[39m
            [33mclass[39m=[32m&quot;sc-kNOymR ibVggx&quot;[39m
          [36m&gt;[39m
            [36m&lt;table[39m
              [33mclass[39m=[32m&quot;sc-dYwGCk eULYsB&quot;[39m
            [36m&gt;[39m
              [36m&lt;thead[39m
                [33mclass[39m=[32m&quot;sc-gGKoUb hOCBLK&quot;[39m
              [36m&gt;[39m
                [36m&lt;tr[39m
                  [33mclass[39m=[32m&quot;sc-hwddKA dZtaYe&quot;[39m
                [36m&gt;[39m
                  [36m&lt;th[39m
                    [33mclass[39m=[32m&quot;sc-lgpSej ZfqIb&quot;[39m
                  [36m&gt;[39m
                    [0mPayment ID[0m
                  [36m&lt;/th&gt;[39m
                  [36m&lt;th[39m
                    [33mclass[39m=[32m&quot;sc-lgpSej ZfqIb&quot;[39m
                  [36m&gt;[39m
                    [0mDate[0m
                  [36m&lt;/th&gt;[39m
                  [36m&lt;th[39m
                    [33mclass[39m=[32m&quot;sc-lgpSej ZfqIb&quot;[39m
                  [36m&gt;[39m
                    [0mAmount[0m
                  [36m&lt;/th&gt;[39m
                  [36m&lt;th[39m
                    [33mclass[39m=[32m&quot;sc-lgpSej ZfqIb&quot;[39m
                  [36m&gt;[39m
                    [0mCustomer[0m
                  [36m&lt;/th&gt;[39m
                  [36m&lt;th[39m
                    [33mclass[39m=[32m&quot;sc-lgpSej ZfqIb&quot;[39m
                  [36m&gt;[39m
                    [0mCurrency[0m
                  [36m&lt;/th&gt;[39m
                  [36m&lt;th[39m
                    [33mclass[39m=[32m&quot;sc-lgpSej ZfqIb&quot;[39m
                  [36m&gt;[39m
                    [0mStatus[0m
                  [36m&lt;/th&gt;[39m
                [36m&lt;/tr&gt;[39m
              [36m&lt;/thead&gt;[39m
              [36m&lt;tbody[39m
                [33mclass[39m=[32m&quot;sc-jaXbil MdBot&quot;[39m
              [36m&gt;[39m
                [36m&lt;tr&gt;[39m
                  [36m&lt;td[39m
                    [33mcolspan[39m=[32m&quot;6&quot;[39m
                  [36m&gt;[39m
                    [36m&lt;div[39m
                      [33mclass[39m=[32m&quot;sc-kCuUfV kgGnDo&quot;[39m
                    [36m&gt;[39m
                      [0mNo payments found.[0m
                    [36m&lt;/div&gt;[39m
                  [36m&lt;/td&gt;[39m
                [36m&lt;/tr&gt;[39m
              [36m&lt;/tbody&gt;[39m
            [36m&lt;/table&gt;[39m
          [36m&lt;/div&gt;[39m
        [36m&lt;/div&gt;[39m
      [36m&lt;/main&gt;[39m
    [36m&lt;/div&gt;[39m
  [36m&lt;/div&gt;[39m
[36m&lt;/body&gt;[39m" type="TestingLibraryElementError">
TestingLibraryElementError: Unable to find an accessible element with the role &quot;combobox&quot; and name &quot;Filter by currency&quot;

Here are the accessible roles:

  banner:

  Name &quot;&quot;:
  &lt;header
    class=&quot;bg-white shadow-sm&quot;
  /&gt;

  --------------------------------------------------
  heading:

  Name &quot;Checkout.com&quot;:
  &lt;h1
    class=&quot;text-3xl font-bold text-gray-900&quot;
  /&gt;

  Name &quot;All payments&quot;:
  &lt;h2
    class=&quot;sc-hvigdm fBPVuT&quot;
  /&gt;

  --------------------------------------------------
  main:

  Name &quot;&quot;:
  &lt;main
    class=&quot;max-w-7xl mx-auto py-6 sm:px-6 lg:px-8&quot;
  /&gt;

  --------------------------------------------------
  textbox:

  Name &quot;&quot;:
  &lt;input
    class=&quot;sc-dTvVRJ fpvSvd&quot;
    placeholder=&quot;Enter payment ID&quot;
    type=&quot;text&quot;
    value=&quot;&quot;
  /&gt;

  --------------------------------------------------
  button:

  Name &quot;Search&quot;:
  &lt;button
    class=&quot;sc-hjsuWn dbdxIj&quot;
  /&gt;

  --------------------------------------------------
  table:

  Name &quot;&quot;:
  &lt;table
    class=&quot;sc-dYwGCk eULYsB&quot;
  /&gt;

  --------------------------------------------------
  rowgroup:

  Name &quot;&quot;:
  &lt;thead
    class=&quot;sc-gGKoUb hOCBLK&quot;
  /&gt;

  Name &quot;&quot;:
  &lt;tbody
    class=&quot;sc-jaXbil MdBot&quot;
  /&gt;

  --------------------------------------------------
  row:

  Name &quot;Payment ID Date Amount Customer Currency Status&quot;:
  &lt;tr
    class=&quot;sc-hwddKA dZtaYe&quot;
  /&gt;

  Name &quot;No payments found.&quot;:
  &lt;tr /&gt;

  --------------------------------------------------
  columnheader:

  Name &quot;Payment ID&quot;:
  &lt;th
    class=&quot;sc-lgpSej ZfqIb&quot;
  /&gt;

  Name &quot;Date&quot;:
  &lt;th
    class=&quot;sc-lgpSej ZfqIb&quot;
  /&gt;

  Name &quot;Amount&quot;:
  &lt;th
    class=&quot;sc-lgpSej ZfqIb&quot;
  /&gt;

  Name &quot;Customer&quot;:
  &lt;th
    class=&quot;sc-lgpSej ZfqIb&quot;
  /&gt;

  Name &quot;Currency&quot;:
  &lt;th
    class=&quot;sc-lgpSej ZfqIb&quot;
  /&gt;

  Name &quot;Status&quot;:
  &lt;th
    class=&quot;sc-lgpSej ZfqIb&quot;
  /&gt;

  --------------------------------------------------
  cell:

  Name &quot;No payments found.&quot;:
  &lt;td
    colspan=&quot;6&quot;
  /&gt;

  --------------------------------------------------

Ignored nodes: comments, script, style
&lt;body&gt;
  &lt;div&gt;
    &lt;div
      class=&quot;min-h-screen bg-gray-50&quot;
    &gt;
      &lt;header
        class=&quot;bg-white shadow-sm&quot;
      &gt;
        &lt;div
          class=&quot;max-w-7xl mx-auto py-6 px-4 sm:px-6 lg:px-8&quot;
        &gt;
          &lt;h1
            class=&quot;text-3xl font-bold text-gray-900&quot;
          &gt;
            Checkout.com
          &lt;/h1&gt;
        &lt;/div&gt;
      &lt;/header&gt;
      &lt;main
        class=&quot;max-w-7xl mx-auto py-6 sm:px-6 lg:px-8&quot;
      &gt;
        &lt;div
          class=&quot;sc-bRKDuR jKQypZ&quot;
        &gt;
          &lt;h2
            class=&quot;sc-hvigdm fBPVuT&quot;
          &gt;
            All payments
          &lt;/h2&gt;
          &lt;div
            class=&quot;sc-fhHczv iXDOkW&quot;
          &gt;
            &lt;input
              class=&quot;sc-dTvVRJ fpvSvd&quot;
              placeholder=&quot;Enter payment ID&quot;
              type=&quot;text&quot;
              value=&quot;&quot;
            /&gt;
            &lt;button
              class=&quot;sc-hjsuWn dbdxIj&quot;
            &gt;
              Search
            &lt;/button&gt;
          &lt;/div&gt;
          &lt;div
            class=&quot;sc-kNOymR ibVggx&quot;
          &gt;
            &lt;table
              class=&quot;sc-dYwGCk eULYsB&quot;
            &gt;
              &lt;thead
                class=&quot;sc-gGKoUb hOCBLK&quot;
              &gt;
                &lt;tr
                  class=&quot;sc-hwddKA dZtaYe&quot;
                &gt;
                  &lt;th
                    class=&quot;sc-lgpSej ZfqIb&quot;
                  &gt;
                    Payment ID
                  &lt;/th&gt;
                  &lt;th
                    class=&quot;sc-lgpSej ZfqIb&quot;
                  &gt;
                    Date
                  &lt;/th&gt;
                  &lt;th
                    class=&quot;sc-lgpSej ZfqIb&quot;
                  &gt;
                    Amount
                  &lt;/th&gt;
                  &lt;th
                    class=&quot;sc-lgpSej ZfqIb&quot;
                  &gt;
                    Customer
                  &lt;/th&gt;
                  &lt;th
                    class=&quot;sc-lgpSej ZfqIb&quot;
                  &gt;
                    Currency
                  &lt;/th&gt;
                  &lt;th
                    class=&quot;sc-lgpSej ZfqIb&quot;
                  &gt;
                    Status
                  &lt;/th&gt;
                &lt;/tr&gt;
              &lt;/thead&gt;
              &lt;tbody
                class=&quot;sc-jaXbil MdBot&quot;
              &gt;
                &lt;tr&gt;
                  &lt;td
                    colspan=&quot;6&quot;
                  &gt;
                    &lt;div
                      class=&quot;sc-kCuUfV kgGnDo&quot;
                    &gt;
                      No payments found.
                    &lt;/div&gt;
                  &lt;/td&gt;
                &lt;/tr&gt;
              &lt;/tbody&gt;
            &lt;/table&gt;
          &lt;/div&gt;
        &lt;/div&gt;
      &lt;/main&gt;
    &lt;/div&gt;
  &lt;/div&gt;
&lt;/body&gt;
 ❯ Object.getElementError node_modules/@testing-library/dom/dist/config.js:37:19
 ❯ node_modules/@testing-library/dom/dist/query-helpers.js:76:38
 ❯ node_modules/@testing-library/dom/dist/query-helpers.js:52:17
 ❯ node_modules/@testing-library/dom/dist/query-helpers.js:95:19
 ❯ src/App.test.tsx:177:35
            </failure>
        </testcase>
        <testcase classname="src/App.test.tsx" name="App - Step 6: Currency Filter &gt; should filter payments by currency when selected" time="0.0368577">
            <failure message="Unable to find an accessible element with the role &quot;combobox&quot; and name &quot;Filter by currency&quot;

Here are the accessible roles:

  banner:

  Name &quot;&quot;:
  [36m&lt;header[39m
    [33mclass[39m=[32m&quot;bg-white shadow-sm&quot;[39m
  [36m/&gt;[39m

  --------------------------------------------------
  heading:

  Name &quot;Checkout.com&quot;:
  [36m&lt;h1[39m
    [33mclass[39m=[32m&quot;text-3xl font-bold text-gray-900&quot;[39m
  [36m/&gt;[39m

  Name &quot;All payments&quot;:
  [36m&lt;h2[39m
    [33mclass[39m=[32m&quot;sc-hvigdm fBPVuT&quot;[39m
  [36m/&gt;[39m

  --------------------------------------------------
  main:

  Name &quot;&quot;:
  [36m&lt;main[39m
    [33mclass[39m=[32m&quot;max-w-7xl mx-auto py-6 sm:px-6 lg:px-8&quot;[39m
  [36m/&gt;[39m

  --------------------------------------------------
  textbox:

  Name &quot;&quot;:
  [36m&lt;input[39m
    [33mclass[39m=[32m&quot;sc-dTvVRJ fpvSvd&quot;[39m
    [33mplaceholder[39m=[32m&quot;Enter payment ID&quot;[39m
    [33mtype[39m=[32m&quot;text&quot;[39m
    [33mvalue[39m=[32m&quot;&quot;[39m
  [36m/&gt;[39m

  --------------------------------------------------
  button:

  Name &quot;Search&quot;:
  [36m&lt;button[39m
    [33mclass[39m=[32m&quot;sc-hjsuWn dbdxIj&quot;[39m
  [36m/&gt;[39m

  --------------------------------------------------
  table:

  Name &quot;&quot;:
  [36m&lt;table[39m
    [33mclass[39m=[32m&quot;sc-dYwGCk eULYsB&quot;[39m
  [36m/&gt;[39m

  --------------------------------------------------
  rowgroup:

  Name &quot;&quot;:
  [36m&lt;thead[39m
    [33mclass[39m=[32m&quot;sc-gGKoUb hOCBLK&quot;[39m
  [36m/&gt;[39m

  Name &quot;&quot;:
  [36m&lt;tbody[39m
    [33mclass[39m=[32m&quot;sc-jaXbil MdBot&quot;[39m
  [36m/&gt;[39m

  --------------------------------------------------
  row:

  Name &quot;Payment ID Date Amount Customer Currency Status&quot;:
  [36m&lt;tr[39m
    [33mclass[39m=[32m&quot;sc-hwddKA dZtaYe&quot;[39m
  [36m/&gt;[39m

  Name &quot;No payments found.&quot;:
  [36m&lt;tr /&gt;[39m

  --------------------------------------------------
  columnheader:

  Name &quot;Payment ID&quot;:
  [36m&lt;th[39m
    [33mclass[39m=[32m&quot;sc-lgpSej ZfqIb&quot;[39m
  [36m/&gt;[39m

  Name &quot;Date&quot;:
  [36m&lt;th[39m
    [33mclass[39m=[32m&quot;sc-lgpSej ZfqIb&quot;[39m
  [36m/&gt;[39m

  Name &quot;Amount&quot;:
  [36m&lt;th[39m
    [33mclass[39m=[32m&quot;sc-lgpSej ZfqIb&quot;[39m
  [36m/&gt;[39m

  Name &quot;Customer&quot;:
  [36m&lt;th[39m
    [33mclass[39m=[32m&quot;sc-lgpSej ZfqIb&quot;[39m
  [36m/&gt;[39m

  Name &quot;Currency&quot;:
  [36m&lt;th[39m
    [33mclass[39m=[32m&quot;sc-lgpSej ZfqIb&quot;[39m
  [36m/&gt;[39m

  Name &quot;Status&quot;:
  [36m&lt;th[39m
    [33mclass[39m=[32m&quot;sc-lgpSej ZfqIb&quot;[39m
  [36m/&gt;[39m

  --------------------------------------------------
  cell:

  Name &quot;No payments found.&quot;:
  [36m&lt;td[39m
    [33mcolspan[39m=[32m&quot;6&quot;[39m
  [36m/&gt;[39m

  --------------------------------------------------

Ignored nodes: comments, script, style
[36m&lt;body&gt;[39m
  [36m&lt;div&gt;[39m
    [36m&lt;div[39m
      [33mclass[39m=[32m&quot;min-h-screen bg-gray-50&quot;[39m
    [36m&gt;[39m
      [36m&lt;header[39m
        [33mclass[39m=[32m&quot;bg-white shadow-sm&quot;[39m
      [36m&gt;[39m
        [36m&lt;div[39m
          [33mclass[39m=[32m&quot;max-w-7xl mx-auto py-6 px-4 sm:px-6 lg:px-8&quot;[39m
        [36m&gt;[39m
          [36m&lt;h1[39m
            [33mclass[39m=[32m&quot;text-3xl font-bold text-gray-900&quot;[39m
          [36m&gt;[39m
            [0mCheckout.com[0m
          [36m&lt;/h1&gt;[39m
        [36m&lt;/div&gt;[39m
      [36m&lt;/header&gt;[39m
      [36m&lt;main[39m
        [33mclass[39m=[32m&quot;max-w-7xl mx-auto py-6 sm:px-6 lg:px-8&quot;[39m
      [36m&gt;[39m
        [36m&lt;div[39m
          [33mclass[39m=[32m&quot;sc-bRKDuR jKQypZ&quot;[39m
        [36m&gt;[39m
          [36m&lt;h2[39m
            [33mclass[39m=[32m&quot;sc-hvigdm fBPVuT&quot;[39m
          [36m&gt;[39m
            [0mAll payments[0m
          [36m&lt;/h2&gt;[39m
          [36m&lt;div[39m
            [33mclass[39m=[32m&quot;sc-fhHczv iXDOkW&quot;[39m
          [36m&gt;[39m
            [36m&lt;input[39m
              [33mclass[39m=[32m&quot;sc-dTvVRJ fpvSvd&quot;[39m
              [33mplaceholder[39m=[32m&quot;Enter payment ID&quot;[39m
              [33mtype[39m=[32m&quot;text&quot;[39m
              [33mvalue[39m=[32m&quot;&quot;[39m
            [36m/&gt;[39m
            [36m&lt;button[39m
              [33mclass[39m=[32m&quot;sc-hjsuWn dbdxIj&quot;[39m
            [36m&gt;[39m
              [0mSearch[0m
            [36m&lt;/button&gt;[39m
          [36m&lt;/div&gt;[39m
          [36m&lt;div[39m
            [33mclass[39m=[32m&quot;sc-kNOymR ibVggx&quot;[39m
          [36m&gt;[39m
            [36m&lt;table[39m
              [33mclass[39m=[32m&quot;sc-dYwGCk eULYsB&quot;[39m
            [36m&gt;[39m
              [36m&lt;thead[39m
                [33mclass[39m=[32m&quot;sc-gGKoUb hOCBLK&quot;[39m
              [36m&gt;[39m
                [36m&lt;tr[39m
                  [33mclass[39m=[32m&quot;sc-hwddKA dZtaYe&quot;[39m
                [36m&gt;[39m
                  [36m&lt;th[39m
                    [33mclass[39m=[32m&quot;sc-lgpSej ZfqIb&quot;[39m
                  [36m&gt;[39m
                    [0mPayment ID[0m
                  [36m&lt;/th&gt;[39m
                  [36m&lt;th[39m
                    [33mclass[39m=[32m&quot;sc-lgpSej ZfqIb&quot;[39m
                  [36m&gt;[39m
                    [0mDate[0m
                  [36m&lt;/th&gt;[39m
                  [36m&lt;th[39m
                    [33mclass[39m=[32m&quot;sc-lgpSej ZfqIb&quot;[39m
                  [36m&gt;[39m
                    [0mAmount[0m
                  [36m&lt;/th&gt;[39m
                  [36m&lt;th[39m
                    [33mclass[39m=[32m&quot;sc-lgpSej ZfqIb&quot;[39m
                  [36m&gt;[39m
                    [0mCustomer[0m
                  [36m&lt;/th&gt;[39m
                  [36m&lt;th[39m
                    [33mclass[39m=[32m&quot;sc-lgpSej ZfqIb&quot;[39m
                  [36m&gt;[39m
                    [0mCurrency[0m
                  [36m&lt;/th&gt;[39m
                  [36m&lt;th[39m
                    [33mclass[39m=[32m&quot;sc-lgpSej ZfqIb&quot;[39m
                  [36m&gt;[39m
                    [0mStatus[0m
                  [36m&lt;/th&gt;[39m
                [36m&lt;/tr&gt;[39m
              [36m&lt;/thead&gt;[39m
              [36m&lt;tbody[39m
                [33mclass[39m=[32m&quot;sc-jaXbil MdBot&quot;[39m
              [36m&gt;[39m
                [36m&lt;tr&gt;[39m
                  [36m&lt;td[39m
                    [33mcolspan[39m=[32m&quot;6&quot;[39m
                  [36m&gt;[39m
                    [36m&lt;div[39m
                      [33mclass[39m=[32m&quot;sc-kCuUfV kgGnDo&quot;[39m
                    [36m&gt;[39m
                      [0mNo payments found.[0m
                    [36m&lt;/div&gt;[39m
                  [36m&lt;/td&gt;[39m
                [36m&lt;/tr&gt;[39m
              [36m&lt;/tbody&gt;[39m
            [36m&lt;/table&gt;[39m
          [36m&lt;/div&gt;[39m
        [36m&lt;/div&gt;[39m
      [36m&lt;/main&gt;[39m
    [36m&lt;/div&gt;[39m
  [36m&lt;/div&gt;[39m
[36m&lt;/body&gt;[39m" type="TestingLibraryElementError">
TestingLibraryElementError: Unable to find an accessible element with the role &quot;combobox&quot; and name &quot;Filter by currency&quot;

Here are the accessible roles:

  banner:

  Name &quot;&quot;:
  &lt;header
    class=&quot;bg-white shadow-sm&quot;
  /&gt;

  --------------------------------------------------
  heading:

  Name &quot;Checkout.com&quot;:
  &lt;h1
    class=&quot;text-3xl font-bold text-gray-900&quot;
  /&gt;

  Name &quot;All payments&quot;:
  &lt;h2
    class=&quot;sc-hvigdm fBPVuT&quot;
  /&gt;

  --------------------------------------------------
  main:

  Name &quot;&quot;:
  &lt;main
    class=&quot;max-w-7xl mx-auto py-6 sm:px-6 lg:px-8&quot;
  /&gt;

  --------------------------------------------------
  textbox:

  Name &quot;&quot;:
  &lt;input
    class=&quot;sc-dTvVRJ fpvSvd&quot;
    placeholder=&quot;Enter payment ID&quot;
    type=&quot;text&quot;
    value=&quot;&quot;
  /&gt;

  --------------------------------------------------
  button:

  Name &quot;Search&quot;:
  &lt;button
    class=&quot;sc-hjsuWn dbdxIj&quot;
  /&gt;

  --------------------------------------------------
  table:

  Name &quot;&quot;:
  &lt;table
    class=&quot;sc-dYwGCk eULYsB&quot;
  /&gt;

  --------------------------------------------------
  rowgroup:

  Name &quot;&quot;:
  &lt;thead
    class=&quot;sc-gGKoUb hOCBLK&quot;
  /&gt;

  Name &quot;&quot;:
  &lt;tbody
    class=&quot;sc-jaXbil MdBot&quot;
  /&gt;

  --------------------------------------------------
  row:

  Name &quot;Payment ID Date Amount Customer Currency Status&quot;:
  &lt;tr
    class=&quot;sc-hwddKA dZtaYe&quot;
  /&gt;

  Name &quot;No payments found.&quot;:
  &lt;tr /&gt;

  --------------------------------------------------
  columnheader:

  Name &quot;Payment ID&quot;:
  &lt;th
    class=&quot;sc-lgpSej ZfqIb&quot;
  /&gt;

  Name &quot;Date&quot;:
  &lt;th
    class=&quot;sc-lgpSej ZfqIb&quot;
  /&gt;

  Name &quot;Amount&quot;:
  &lt;th
    class=&quot;sc-lgpSej ZfqIb&quot;
  /&gt;

  Name &quot;Customer&quot;:
  &lt;th
    class=&quot;sc-lgpSej ZfqIb&quot;
  /&gt;

  Name &quot;Currency&quot;:
  &lt;th
    class=&quot;sc-lgpSej ZfqIb&quot;
  /&gt;

  Name &quot;Status&quot;:
  &lt;th
    class=&quot;sc-lgpSej ZfqIb&quot;
  /&gt;

  --------------------------------------------------
  cell:

  Name &quot;No payments found.&quot;:
  &lt;td
    colspan=&quot;6&quot;
  /&gt;

  --------------------------------------------------

Ignored nodes: comments, script, style
&lt;body&gt;
  &lt;div&gt;
    &lt;div
      class=&quot;min-h-screen bg-gray-50&quot;
    &gt;
      &lt;header
        class=&quot;bg-white shadow-sm&quot;
      &gt;
        &lt;div
          class=&quot;max-w-7xl mx-auto py-6 px-4 sm:px-6 lg:px-8&quot;
        &gt;
          &lt;h1
            class=&quot;text-3xl font-bold text-gray-900&quot;
          &gt;
            Checkout.com
          &lt;/h1&gt;
        &lt;/div&gt;
      &lt;/header&gt;
      &lt;main
        class=&quot;max-w-7xl mx-auto py-6 sm:px-6 lg:px-8&quot;
      &gt;
        &lt;div
          class=&quot;sc-bRKDuR jKQypZ&quot;
        &gt;
          &lt;h2
            class=&quot;sc-hvigdm fBPVuT&quot;
          &gt;
            All payments
          &lt;/h2&gt;
          &lt;div
            class=&quot;sc-fhHczv iXDOkW&quot;
          &gt;
            &lt;input
              class=&quot;sc-dTvVRJ fpvSvd&quot;
              placeholder=&quot;Enter payment ID&quot;
              type=&quot;text&quot;
              value=&quot;&quot;
            /&gt;
            &lt;button
              class=&quot;sc-hjsuWn dbdxIj&quot;
            &gt;
              Search
            &lt;/button&gt;
          &lt;/div&gt;
          &lt;div
            class=&quot;sc-kNOymR ibVggx&quot;
          &gt;
            &lt;table
              class=&quot;sc-dYwGCk eULYsB&quot;
            &gt;
              &lt;thead
                class=&quot;sc-gGKoUb hOCBLK&quot;
              &gt;
                &lt;tr
                  class=&quot;sc-hwddKA dZtaYe&quot;
                &gt;
                  &lt;th
                    class=&quot;sc-lgpSej ZfqIb&quot;
                  &gt;
                    Payment ID
                  &lt;/th&gt;
                  &lt;th
                    class=&quot;sc-lgpSej ZfqIb&quot;
                  &gt;
                    Date
                  &lt;/th&gt;
                  &lt;th
                    class=&quot;sc-lgpSej ZfqIb&quot;
                  &gt;
                    Amount
                  &lt;/th&gt;
                  &lt;th
                    class=&quot;sc-lgpSej ZfqIb&quot;
                  &gt;
                    Customer
                  &lt;/th&gt;
                  &lt;th
                    class=&quot;sc-lgpSej ZfqIb&quot;
                  &gt;
                    Currency
                  &lt;/th&gt;
                  &lt;th
                    class=&quot;sc-lgpSej ZfqIb&quot;
                  &gt;
                    Status
                  &lt;/th&gt;
                &lt;/tr&gt;
              &lt;/thead&gt;
              &lt;tbody
                class=&quot;sc-jaXbil MdBot&quot;
              &gt;
                &lt;tr&gt;
                  &lt;td
                    colspan=&quot;6&quot;
                  &gt;
                    &lt;div
                      class=&quot;sc-kCuUfV kgGnDo&quot;
                    &gt;
                      No payments found.
                    &lt;/div&gt;
                  &lt;/td&gt;
                &lt;/tr&gt;
              &lt;/tbody&gt;
            &lt;/table&gt;
          &lt;/div&gt;
        &lt;/div&gt;
      &lt;/main&gt;
    &lt;/div&gt;
  &lt;/div&gt;
&lt;/body&gt;
 ❯ Object.getElementError node_modules/@testing-library/dom/dist/config.js:37:19
 ❯ node_modules/@testing-library/dom/dist/query-helpers.js:76:38
 ❯ node_modules/@testing-library/dom/dist/query-helpers.js:52:17
 ❯ node_modules/@testing-library/dom/dist/query-helpers.js:95:19
 ❯ src/App.test.tsx:184:35
            </failure>
        </testcase>
        <testcase classname="src/App.test.tsx" name="App - Step 7: Combined Currency and Payment ID Filter &gt; should filter by both currency and payment ID" time="0.0389558">
            <failure message="Unable to find an accessible element with the role &quot;combobox&quot; and name &quot;Filter by currency&quot;

Here are the accessible roles:

  banner:

  Name &quot;&quot;:
  [36m&lt;header[39m
    [33mclass[39m=[32m&quot;bg-white shadow-sm&quot;[39m
  [36m/&gt;[39m

  --------------------------------------------------
  heading:

  Name &quot;Checkout.com&quot;:
  [36m&lt;h1[39m
    [33mclass[39m=[32m&quot;text-3xl font-bold text-gray-900&quot;[39m
  [36m/&gt;[39m

  Name &quot;All payments&quot;:
  [36m&lt;h2[39m
    [33mclass[39m=[32m&quot;sc-hvigdm fBPVuT&quot;[39m
  [36m/&gt;[39m

  --------------------------------------------------
  main:

  Name &quot;&quot;:
  [36m&lt;main[39m
    [33mclass[39m=[32m&quot;max-w-7xl mx-auto py-6 sm:px-6 lg:px-8&quot;[39m
  [36m/&gt;[39m

  --------------------------------------------------
  textbox:

  Name &quot;&quot;:
  [36m&lt;input[39m
    [33mclass[39m=[32m&quot;sc-dTvVRJ fpvSvd&quot;[39m
    [33mplaceholder[39m=[32m&quot;Enter payment ID&quot;[39m
    [33mtype[39m=[32m&quot;text&quot;[39m
    [33mvalue[39m=[32m&quot;&quot;[39m
  [36m/&gt;[39m

  --------------------------------------------------
  button:

  Name &quot;Search&quot;:
  [36m&lt;button[39m
    [33mclass[39m=[32m&quot;sc-hjsuWn dbdxIj&quot;[39m
  [36m/&gt;[39m

  --------------------------------------------------
  table:

  Name &quot;&quot;:
  [36m&lt;table[39m
    [33mclass[39m=[32m&quot;sc-dYwGCk eULYsB&quot;[39m
  [36m/&gt;[39m

  --------------------------------------------------
  rowgroup:

  Name &quot;&quot;:
  [36m&lt;thead[39m
    [33mclass[39m=[32m&quot;sc-gGKoUb hOCBLK&quot;[39m
  [36m/&gt;[39m

  Name &quot;&quot;:
  [36m&lt;tbody[39m
    [33mclass[39m=[32m&quot;sc-jaXbil MdBot&quot;[39m
  [36m/&gt;[39m

  --------------------------------------------------
  row:

  Name &quot;Payment ID Date Amount Customer Currency Status&quot;:
  [36m&lt;tr[39m
    [33mclass[39m=[32m&quot;sc-hwddKA dZtaYe&quot;[39m
  [36m/&gt;[39m

  Name &quot;No payments found.&quot;:
  [36m&lt;tr /&gt;[39m

  --------------------------------------------------
  columnheader:

  Name &quot;Payment ID&quot;:
  [36m&lt;th[39m
    [33mclass[39m=[32m&quot;sc-lgpSej ZfqIb&quot;[39m
  [36m/&gt;[39m

  Name &quot;Date&quot;:
  [36m&lt;th[39m
    [33mclass[39m=[32m&quot;sc-lgpSej ZfqIb&quot;[39m
  [36m/&gt;[39m

  Name &quot;Amount&quot;:
  [36m&lt;th[39m
    [33mclass[39m=[32m&quot;sc-lgpSej ZfqIb&quot;[39m
  [36m/&gt;[39m

  Name &quot;Customer&quot;:
  [36m&lt;th[39m
    [33mclass[39m=[32m&quot;sc-lgpSej ZfqIb&quot;[39m
  [36m/&gt;[39m

  Name &quot;Currency&quot;:
  [36m&lt;th[39m
    [33mclass[39m=[32m&quot;sc-lgpSej ZfqIb&quot;[39m
  [36m/&gt;[39m

  Name &quot;Status&quot;:
  [36m&lt;th[39m
    [33mclass[39m=[32m&quot;sc-lgpSej ZfqIb&quot;[39m
  [36m/&gt;[39m

  --------------------------------------------------
  cell:

  Name &quot;No payments found.&quot;:
  [36m&lt;td[39m
    [33mcolspan[39m=[32m&quot;6&quot;[39m
  [36m/&gt;[39m

  --------------------------------------------------

Ignored nodes: comments, script, style
[36m&lt;body&gt;[39m
  [36m&lt;div&gt;[39m
    [36m&lt;div[39m
      [33mclass[39m=[32m&quot;min-h-screen bg-gray-50&quot;[39m
    [36m&gt;[39m
      [36m&lt;header[39m
        [33mclass[39m=[32m&quot;bg-white shadow-sm&quot;[39m
      [36m&gt;[39m
        [36m&lt;div[39m
          [33mclass[39m=[32m&quot;max-w-7xl mx-auto py-6 px-4 sm:px-6 lg:px-8&quot;[39m
        [36m&gt;[39m
          [36m&lt;h1[39m
            [33mclass[39m=[32m&quot;text-3xl font-bold text-gray-900&quot;[39m
          [36m&gt;[39m
            [0mCheckout.com[0m
          [36m&lt;/h1&gt;[39m
        [36m&lt;/div&gt;[39m
      [36m&lt;/header&gt;[39m
      [36m&lt;main[39m
        [33mclass[39m=[32m&quot;max-w-7xl mx-auto py-6 sm:px-6 lg:px-8&quot;[39m
      [36m&gt;[39m
        [36m&lt;div[39m
          [33mclass[39m=[32m&quot;sc-bRKDuR jKQypZ&quot;[39m
        [36m&gt;[39m
          [36m&lt;h2[39m
            [33mclass[39m=[32m&quot;sc-hvigdm fBPVuT&quot;[39m
          [36m&gt;[39m
            [0mAll payments[0m
          [36m&lt;/h2&gt;[39m
          [36m&lt;div[39m
            [33mclass[39m=[32m&quot;sc-fhHczv iXDOkW&quot;[39m
          [36m&gt;[39m
            [36m&lt;input[39m
              [33mclass[39m=[32m&quot;sc-dTvVRJ fpvSvd&quot;[39m
              [33mplaceholder[39m=[32m&quot;Enter payment ID&quot;[39m
              [33mtype[39m=[32m&quot;text&quot;[39m
              [33mvalue[39m=[32m&quot;&quot;[39m
            [36m/&gt;[39m
            [36m&lt;button[39m
              [33mclass[39m=[32m&quot;sc-hjsuWn dbdxIj&quot;[39m
            [36m&gt;[39m
              [0mSearch[0m
            [36m&lt;/button&gt;[39m
          [36m&lt;/div&gt;[39m
          [36m&lt;div[39m
            [33mclass[39m=[32m&quot;sc-kNOymR ibVggx&quot;[39m
          [36m&gt;[39m
            [36m&lt;table[39m
              [33mclass[39m=[32m&quot;sc-dYwGCk eULYsB&quot;[39m
            [36m&gt;[39m
              [36m&lt;thead[39m
                [33mclass[39m=[32m&quot;sc-gGKoUb hOCBLK&quot;[39m
              [36m&gt;[39m
                [36m&lt;tr[39m
                  [33mclass[39m=[32m&quot;sc-hwddKA dZtaYe&quot;[39m
                [36m&gt;[39m
                  [36m&lt;th[39m
                    [33mclass[39m=[32m&quot;sc-lgpSej ZfqIb&quot;[39m
                  [36m&gt;[39m
                    [0mPayment ID[0m
                  [36m&lt;/th&gt;[39m
                  [36m&lt;th[39m
                    [33mclass[39m=[32m&quot;sc-lgpSej ZfqIb&quot;[39m
                  [36m&gt;[39m
                    [0mDate[0m
                  [36m&lt;/th&gt;[39m
                  [36m&lt;th[39m
                    [33mclass[39m=[32m&quot;sc-lgpSej ZfqIb&quot;[39m
                  [36m&gt;[39m
                    [0mAmount[0m
                  [36m&lt;/th&gt;[39m
                  [36m&lt;th[39m
                    [33mclass[39m=[32m&quot;sc-lgpSej ZfqIb&quot;[39m
                  [36m&gt;[39m
                    [0mCustomer[0m
                  [36m&lt;/th&gt;[39m
                  [36m&lt;th[39m
                    [33mclass[39m=[32m&quot;sc-lgpSej ZfqIb&quot;[39m
                  [36m&gt;[39m
                    [0mCurrency[0m
                  [36m&lt;/th&gt;[39m
                  [36m&lt;th[39m
                    [33mclass[39m=[32m&quot;sc-lgpSej ZfqIb&quot;[39m
                  [36m&gt;[39m
                    [0mStatus[0m
                  [36m&lt;/th&gt;[39m
                [36m&lt;/tr&gt;[39m
              [36m&lt;/thead&gt;[39m
              [36m&lt;tbody[39m
                [33mclass[39m=[32m&quot;sc-jaXbil MdBot&quot;[39m
              [36m&gt;[39m
                [36m&lt;tr&gt;[39m
                  [36m&lt;td[39m
                    [33mcolspan[39m=[32m&quot;6&quot;[39m
                  [36m&gt;[39m
                    [36m&lt;div[39m
                      [33mclass[39m=[32m&quot;sc-kCuUfV kgGnDo&quot;[39m
                    [36m&gt;[39m
                      [0mNo payments found.[0m
                    [36m&lt;/div&gt;[39m
                  [36m&lt;/td&gt;[39m
                [36m&lt;/tr&gt;[39m
              [36m&lt;/tbody&gt;[39m
            [36m&lt;/table&gt;[39m
          [36m&lt;/div&gt;[39m
        [36m&lt;/div&gt;[39m
      [36m&lt;/main&gt;[39m
    [36m&lt;/div&gt;[39m
  [36m&lt;/div&gt;[39m
[36m&lt;/body&gt;[39m" type="TestingLibraryElementError">
TestingLibraryElementError: Unable to find an accessible element with the role &quot;combobox&quot; and name &quot;Filter by currency&quot;

Here are the accessible roles:

  banner:

  Name &quot;&quot;:
  &lt;header
    class=&quot;bg-white shadow-sm&quot;
  /&gt;

  --------------------------------------------------
  heading:

  Name &quot;Checkout.com&quot;:
  &lt;h1
    class=&quot;text-3xl font-bold text-gray-900&quot;
  /&gt;

  Name &quot;All payments&quot;:
  &lt;h2
    class=&quot;sc-hvigdm fBPVuT&quot;
  /&gt;

  --------------------------------------------------
  main:

  Name &quot;&quot;:
  &lt;main
    class=&quot;max-w-7xl mx-auto py-6 sm:px-6 lg:px-8&quot;
  /&gt;

  --------------------------------------------------
  textbox:

  Name &quot;&quot;:
  &lt;input
    class=&quot;sc-dTvVRJ fpvSvd&quot;
    placeholder=&quot;Enter payment ID&quot;
    type=&quot;text&quot;
    value=&quot;&quot;
  /&gt;

  --------------------------------------------------
  button:

  Name &quot;Search&quot;:
  &lt;button
    class=&quot;sc-hjsuWn dbdxIj&quot;
  /&gt;

  --------------------------------------------------
  table:

  Name &quot;&quot;:
  &lt;table
    class=&quot;sc-dYwGCk eULYsB&quot;
  /&gt;

  --------------------------------------------------
  rowgroup:

  Name &quot;&quot;:
  &lt;thead
    class=&quot;sc-gGKoUb hOCBLK&quot;
  /&gt;

  Name &quot;&quot;:
  &lt;tbody
    class=&quot;sc-jaXbil MdBot&quot;
  /&gt;

  --------------------------------------------------
  row:

  Name &quot;Payment ID Date Amount Customer Currency Status&quot;:
  &lt;tr
    class=&quot;sc-hwddKA dZtaYe&quot;
  /&gt;

  Name &quot;No payments found.&quot;:
  &lt;tr /&gt;

  --------------------------------------------------
  columnheader:

  Name &quot;Payment ID&quot;:
  &lt;th
    class=&quot;sc-lgpSej ZfqIb&quot;
  /&gt;

  Name &quot;Date&quot;:
  &lt;th
    class=&quot;sc-lgpSej ZfqIb&quot;
  /&gt;

  Name &quot;Amount&quot;:
  &lt;th
    class=&quot;sc-lgpSej ZfqIb&quot;
  /&gt;

  Name &quot;Customer&quot;:
  &lt;th
    class=&quot;sc-lgpSej ZfqIb&quot;
  /&gt;

  Name &quot;Currency&quot;:
  &lt;th
    class=&quot;sc-lgpSej ZfqIb&quot;
  /&gt;

  Name &quot;Status&quot;:
  &lt;th
    class=&quot;sc-lgpSej ZfqIb&quot;
  /&gt;

  --------------------------------------------------
  cell:

  Name &quot;No payments found.&quot;:
  &lt;td
    colspan=&quot;6&quot;
  /&gt;

  --------------------------------------------------

Ignored nodes: comments, script, style
&lt;body&gt;
  &lt;div&gt;
    &lt;div
      class=&quot;min-h-screen bg-gray-50&quot;
    &gt;
      &lt;header
        class=&quot;bg-white shadow-sm&quot;
      &gt;
        &lt;div
          class=&quot;max-w-7xl mx-auto py-6 px-4 sm:px-6 lg:px-8&quot;
        &gt;
          &lt;h1
            class=&quot;text-3xl font-bold text-gray-900&quot;
          &gt;
            Checkout.com
          &lt;/h1&gt;
        &lt;/div&gt;
      &lt;/header&gt;
      &lt;main
        class=&quot;max-w-7xl mx-auto py-6 sm:px-6 lg:px-8&quot;
      &gt;
        &lt;div
          class=&quot;sc-bRKDuR jKQypZ&quot;
        &gt;
          &lt;h2
            class=&quot;sc-hvigdm fBPVuT&quot;
          &gt;
            All payments
          &lt;/h2&gt;
          &lt;div
            class=&quot;sc-fhHczv iXDOkW&quot;
          &gt;
            &lt;input
              class=&quot;sc-dTvVRJ fpvSvd&quot;
              placeholder=&quot;Enter payment ID&quot;
              type=&quot;text&quot;
              value=&quot;&quot;
            /&gt;
            &lt;button
              class=&quot;sc-hjsuWn dbdxIj&quot;
            &gt;
              Search
            &lt;/button&gt;
          &lt;/div&gt;
          &lt;div
            class=&quot;sc-kNOymR ibVggx&quot;
          &gt;
            &lt;table
              class=&quot;sc-dYwGCk eULYsB&quot;
            &gt;
              &lt;thead
                class=&quot;sc-gGKoUb hOCBLK&quot;
              &gt;
                &lt;tr
                  class=&quot;sc-hwddKA dZtaYe&quot;
                &gt;
                  &lt;th
                    class=&quot;sc-lgpSej ZfqIb&quot;
                  &gt;
                    Payment ID
                  &lt;/th&gt;
                  &lt;th
                    class=&quot;sc-lgpSej ZfqIb&quot;
                  &gt;
                    Date
                  &lt;/th&gt;
                  &lt;th
                    class=&quot;sc-lgpSej ZfqIb&quot;
                  &gt;
                    Amount
                  &lt;/th&gt;
                  &lt;th
                    class=&quot;sc-lgpSej ZfqIb&quot;
                  &gt;
                    Customer
                  &lt;/th&gt;
                  &lt;th
                    class=&quot;sc-lgpSej ZfqIb&quot;
                  &gt;
                    Currency
                  &lt;/th&gt;
                  &lt;th
                    class=&quot;sc-lgpSej ZfqIb&quot;
                  &gt;
                    Status
                  &lt;/th&gt;
                &lt;/tr&gt;
              &lt;/thead&gt;
              &lt;tbody
                class=&quot;sc-jaXbil MdBot&quot;
              &gt;
                &lt;tr&gt;
                  &lt;td
                    colspan=&quot;6&quot;
                  &gt;
                    &lt;div
                      class=&quot;sc-kCuUfV kgGnDo&quot;
                    &gt;
                      No payments found.
                    &lt;/div&gt;
                  &lt;/td&gt;
                &lt;/tr&gt;
              &lt;/tbody&gt;
            &lt;/table&gt;
          &lt;/div&gt;
        &lt;/div&gt;
      &lt;/main&gt;
    &lt;/div&gt;
  &lt;/div&gt;
&lt;/body&gt;
 ❯ Object.getElementError node_modules/@testing-library/dom/dist/config.js:37:19
 ❯ node_modules/@testing-library/dom/dist/query-helpers.js:76:38
 ❯ node_modules/@testing-library/dom/dist/query-helpers.js:52:17
 ❯ node_modules/@testing-library/dom/dist/query-helpers.js:95:19
 ❯ src/App.test.tsx:201:35
            </failure>
        </testcase>
        <testcase classname="src/App.test.tsx" name="App - Step 8: Pagination &gt; should display pagination controls" time="0.1207386">
            <failure message="Unable to find an accessible element with the role &quot;button&quot; and name &quot;◀ Previous&quot;

Here are the accessible roles:

  banner:

  Name &quot;&quot;:
  [36m&lt;header[39m
    [33mclass[39m=[32m&quot;bg-white shadow-sm&quot;[39m
  [36m/&gt;[39m

  --------------------------------------------------
  heading:

  Name &quot;Checkout.com&quot;:
  [36m&lt;h1[39m
    [33mclass[39m=[32m&quot;text-3xl font-bold text-gray-900&quot;[39m
  [36m/&gt;[39m

  Name &quot;All payments&quot;:
  [36m&lt;h2[39m
    [33mclass[39m=[32m&quot;sc-hvigdm fBPVuT&quot;[39m
  [36m/&gt;[39m

  --------------------------------------------------
  main:

  Name &quot;&quot;:
  [36m&lt;main[39m
    [33mclass[39m=[32m&quot;max-w-7xl mx-auto py-6 sm:px-6 lg:px-8&quot;[39m
  [36m/&gt;[39m

  --------------------------------------------------
  textbox:

  Name &quot;&quot;:
  [36m&lt;input[39m
    [33mclass[39m=[32m&quot;sc-dTvVRJ fpvSvd&quot;[39m
    [33mplaceholder[39m=[32m&quot;Enter payment ID&quot;[39m
    [33mtype[39m=[32m&quot;text&quot;[39m
    [33mvalue[39m=[32m&quot;&quot;[39m
  [36m/&gt;[39m

  --------------------------------------------------
  button:

  Name &quot;Search&quot;:
  [36m&lt;button[39m
    [33mclass[39m=[32m&quot;sc-hjsuWn dbdxIj&quot;[39m
  [36m/&gt;[39m

  --------------------------------------------------
  table:

  Name &quot;&quot;:
  [36m&lt;table[39m
    [33mclass[39m=[32m&quot;sc-dYwGCk eULYsB&quot;[39m
  [36m/&gt;[39m

  --------------------------------------------------
  rowgroup:

  Name &quot;&quot;:
  [36m&lt;thead[39m
    [33mclass[39m=[32m&quot;sc-gGKoUb hOCBLK&quot;[39m
  [36m/&gt;[39m

  Name &quot;&quot;:
  [36m&lt;tbody[39m
    [33mclass[39m=[32m&quot;sc-jaXbil MdBot&quot;[39m
  [36m/&gt;[39m

  --------------------------------------------------
  row:

  Name &quot;Payment ID Date Amount Customer Currency Status&quot;:
  [36m&lt;tr[39m
    [33mclass[39m=[32m&quot;sc-hwddKA dZtaYe&quot;[39m
  [36m/&gt;[39m

  Name &quot;pay_134_1 15/04/2024, 11:00:00 250.00 Alice Green USD completed&quot;:
  [36m&lt;tr[39m
    [33mclass[39m=[32m&quot;sc-eqYatC jimWgY&quot;[39m
  [36m/&gt;[39m

  Name &quot;pay_134_2 15/04/2024, 12:00:00 150.50 Bob Red EUR pending&quot;:
  [36m&lt;tr[39m
    [33mclass[39m=[32m&quot;sc-eqYatC jimWgY&quot;[39m
  [36m/&gt;[39m

  Name &quot;pay_134_3 16/04/2024, 10:30:00 120.75 Eva White GBP completed&quot;:
  [36m&lt;tr[39m
    [33mclass[39m=[32m&quot;sc-eqYatC jimWgY&quot;[39m
  [36m/&gt;[39m

  Name &quot;pay_134_4 17/04/2024, 11:00:00 200.00 David Black JPY pending&quot;:
  [36m&lt;tr[39m
    [33mclass[39m=[32m&quot;sc-eqYatC jimWgY&quot;[39m
  [36m/&gt;[39m

  Name &quot;pay_134_5 18/04/2024, 12:00:00 85.25 Fiona Yellow AUD failed&quot;:
  [36m&lt;tr[39m
    [33mclass[39m=[32m&quot;sc-eqYatC jimWgY&quot;[39m
  [36m/&gt;[39m

  --------------------------------------------------
  columnheader:

  Name &quot;Payment ID&quot;:
  [36m&lt;th[39m
    [33mclass[39m=[32m&quot;sc-lgpSej ZfqIb&quot;[39m
  [36m/&gt;[39m

  Name &quot;Date&quot;:
  [36m&lt;th[39m
    [33mclass[39m=[32m&quot;sc-lgpSej ZfqIb&quot;[39m
  [36m/&gt;[39m

  Name &quot;Amount&quot;:
  [36m&lt;th[39m
    [33mclass[39m=[32m&quot;sc-lgpSej ZfqIb&quot;[39m
  [36m/&gt;[39m

  Name &quot;Customer&quot;:
  [36m&lt;th[39m
    [33mclass[39m=[32m&quot;sc-lgpSej ZfqIb&quot;[39m
  [36m/&gt;[39m

  Name &quot;Currency&quot;:
  [36m&lt;th[39m
    [33mclass[39m=[32m&quot;sc-lgpSej ZfqIb&quot;[39m
  [36m/&gt;[39m

  Name &quot;Status&quot;:
  [36m&lt;th[39m
    [33mclass[39m=[32m&quot;sc-lgpSej ZfqIb&quot;[39m
  [36m/&gt;[39m

  --------------------------------------------------
  cell:

  Name &quot;pay_134_1&quot;:
  [36m&lt;td[39m
    [33mclass[39m=[32m&quot;sc-kcLKEh ghzkgo&quot;[39m
  [36m/&gt;[39m

  Name &quot;15/04/2024, 11:00:00&quot;:
  [36m&lt;td[39m
    [33mclass[39m=[32m&quot;sc-kcLKEh ghzkgo&quot;[39m
  [36m/&gt;[39m

  Name &quot;250.00&quot;:
  [36m&lt;td[39m
    [33mclass[39m=[32m&quot;sc-kcLKEh ghzkgo&quot;[39m
  [36m/&gt;[39m

  Name &quot;Alice Green&quot;:
  [36m&lt;td[39m
    [33mclass[39m=[32m&quot;sc-kcLKEh ghzkgo&quot;[39m
  [36m/&gt;[39m

  Name &quot;USD&quot;:
  [36m&lt;td[39m
    [33mclass[39m=[32m&quot;sc-kcLKEh ghzkgo&quot;[39m
  [36m/&gt;[39m

  Name &quot;completed&quot;:
  [36m&lt;td[39m
    [33mclass[39m=[32m&quot;sc-kcLKEh ghzkgo&quot;[39m
  [36m/&gt;[39m

  Name &quot;pay_134_2&quot;:
  [36m&lt;td[39m
    [33mclass[39m=[32m&quot;sc-kcLKEh ghzkgo&quot;[39m
  [36m/&gt;[39m

  Name &quot;15/04/2024, 12:00:00&quot;:
  [36m&lt;td[39m
    [33mclass[39m=[32m&quot;sc-kcLKEh ghzkgo&quot;[39m
  [36m/&gt;[39m

  Name &quot;150.50&quot;:
  [36m&lt;td[39m
    [33mclass[39m=[32m&quot;sc-kcLKEh ghzkgo&quot;[39m
  [36m/&gt;[39m

  Name &quot;Bob Red&quot;:
  [36m&lt;td[39m
    [33mclass[39m=[32m&quot;sc-kcLKEh ghzkgo&quot;[39m
  [36m/&gt;[39m

  Name &quot;EUR&quot;:
  [36m&lt;td[39m
    [33mclass[39m=[32m&quot;sc-kcLKEh ghzkgo&quot;[39m
  [36m/&gt;[39m

  Name &quot;pending&quot;:
  [36m&lt;td[39m
    [33mclass[39m=[32m&quot;sc-kcLKEh ghzkgo&quot;[39m
  [36m/&gt;[39m

  Name &quot;pay_134_3&quot;:
  [36m&lt;td[39m
    [33mclass[39m=[32m&quot;sc-kcLKEh ghzkgo&quot;[39m
  [36m/&gt;[39m

  Name &quot;16/04/2024, 10:30:00&quot;:
  [36m&lt;td[39m
    [33mclass[39m=[32m&quot;sc-kcLKEh ghzkgo&quot;[39m
  [36m/&gt;[39m

  Name &quot;120.75&quot;:
  [36m&lt;td[39m
    [33mclass[39m=[32m&quot;sc-kcLKEh ghzkgo&quot;[39m
  [36m/&gt;[39m

  Name &quot;Eva White&quot;:
  [36m&lt;td[39m
    [33mclass[39m=[32m&quot;sc-kcLKEh ghzkgo&quot;[39m
  [36m/&gt;[39m

  Name &quot;GBP&quot;:
  [36m&lt;td[39m
    [33mclass[39m=[32m&quot;sc-kcLKEh ghzkgo&quot;[39m
  [36m/&gt;[39m

  Name &quot;completed&quot;:
  [36m&lt;td[39m
    [33mclass[39m=[32m&quot;sc-kcLKEh ghzkgo&quot;[39m
  [36m/&gt;[39m

  Name &quot;pay_134_4&quot;:
  [36m&lt;td[39m
    [33mclass[39m=[32m&quot;sc-kcLKEh ghzkgo&quot;[39m
  [36m/&gt;[39m

  Name &quot;17/04/2024, 11:00:00&quot;:
  [36m&lt;td[39m
    [33mclass[39m=[32m&quot;sc-kcLKEh ghzkgo&quot;[39m
  [36m/&gt;[39m

  Name &quot;200.00&quot;:
  [36m&lt;td[39m
    [33mclass[39m=[32m&quot;sc-kcLKEh ghzkgo&quot;[39m
  [36m/&gt;[39m

  Name &quot;David Black&quot;:
  [36m&lt;td[39m
    [33mclass[39m=[32m&quot;sc-kcLKEh ghzkgo&quot;[39m
  [36m/&gt;[39m

  Name &quot;JPY&quot;:
  [36m&lt;td[39m
    [33mclass[39m=[32m&quot;sc-kcLKEh ghzkgo&quot;[39m
  [36m/&gt;[39m

  Name &quot;pending&quot;:
  [36m&lt;td[39m
    [33mclass[39m=[32m&quot;sc-kcLKEh ghzkgo&quot;[39m
  [36m/&gt;[39m

  Name &quot;pay_134_5&quot;:
  [36m&lt;td[39m
    [33mclass[39m=[32m&quot;sc-kcLKEh ghzkgo&quot;[39m
  [36m/&gt;[39m

  Name &quot;18/04/2024, 12:00:00&quot;:
  [36m&lt;td[39m
    [33mclass[39m=[32m&quot;sc-kcLKEh ghzkgo&quot;[39m
  [36m/&gt;[39m

  Name &quot;85.25&quot;:
  [36m&lt;td[39m
    [33mclass[39m=[32m&quot;sc-kcLKEh ghzkgo&quot;[39m
  [36m/&gt;[39m

  Name &quot;Fiona Yellow&quot;:
  [36m&lt;td[39m
    [33mclass[39m=[32m&quot;sc-kcLKEh ghzkgo&quot;[39m
  [36m/&gt;[39m

  Name &quot;AUD&quot;:
  [36m&lt;td[39m
    [33mclass[39m=[32m&quot;sc-kcLKEh ghzkgo&quot;[39m
  [36m/&gt;[39m

  Name &quot;failed&quot;:
  [36m&lt;td[39m
    [33mclass[39m=[32m&quot;sc-kcLKEh ghzkgo&quot;[39m
  [36m/&gt;[39m

  --------------------------------------------------

Ignored nodes: comments, script, style
[36m&lt;body&gt;[39m
  [36m&lt;div&gt;[39m
    [36m&lt;div[39m
      [33mclass[39m=[32m&quot;min-h-screen bg-gray-50&quot;[39m
    [36m&gt;[39m
      [36m&lt;header[39m
        [33mclass[39m=[32m&quot;bg-white shadow-sm&quot;[39m
      [36m&gt;[39m
        [36m&lt;div[39m
          [33mclass[39m=[32m&quot;max-w-7xl mx-auto py-6 px-4 sm:px-6 lg:px-8&quot;[39m
        [36m&gt;[39m
          [36m&lt;h1[39m
            [33mclass[39m=[32m&quot;text-3xl font-bold text-gray-900&quot;[39m
          [36m&gt;[39m
            [0mCheckout.com[0m
          [36m&lt;/h1&gt;[39m
        [36m&lt;/div&gt;[39m
      [36m&lt;/header&gt;[39m
      [36m&lt;main[39m
        [33mclass[39m=[32m&quot;max-w-7xl mx-auto py-6 sm:px-6 lg:px-8&quot;[39m
      [36m&gt;[39m
        [36m&lt;div[39m
          [33mclass[39m=[32m&quot;sc-bRKDuR jKQypZ&quot;[39m
        [36m&gt;[39m
          [36m&lt;h2[39m
            [33mclass[39m=[32m&quot;sc-hvigdm fBPVuT&quot;[39m
          [36m&gt;[39m
            [0mAll payments[0m
          [36m&lt;/h2&gt;[39m
          [36m&lt;div[39m
            [33mclass[39m=[32m&quot;sc-fhHczv iXDOkW&quot;[39m
          [36m&gt;[39m
            [36m&lt;input[39m
              [33mclass[39m=[32m&quot;sc-dTvVRJ fpvSvd&quot;[39m
              [33mplaceholder[39m=[32m&quot;Enter payment ID&quot;[39m
              [33mtype[39m=[32m&quot;text&quot;[39m
              [33mvalue[39m=[32m&quot;&quot;[39m
            [36m/&gt;[39m
            [36m&lt;button[39m
              [33mclass[39m=[32m&quot;sc-hjsuWn dbdxIj&quot;[39m
            [36m&gt;[39m
              [0mSearch[0m
            [36m&lt;/button&gt;[39m
          [36m&lt;/div&gt;[39m
          [36m&lt;div[39m
            [33mclass[39m=[32m&quot;sc-kNOymR ibVggx&quot;[39m
          [36m&gt;[39m
            [36m&lt;table[39m
              [33mclass[39m=[32m&quot;sc-dYwGCk eULYsB&quot;[39m
            [36m&gt;[39m
              [36m&lt;thead[39m
                [33mclass[39m=[32m&quot;sc-gGKoUb hOCBLK&quot;[39m
              [36m&gt;[39m
                [36m&lt;tr[39m
                  [33mclass[39m=[32m&quot;sc-hwddKA dZtaYe&quot;[39m
                [36m&gt;[39m
                  [36m&lt;th[39m
                    [33mclass[39m=[32m&quot;sc-lgpSej ZfqIb&quot;[39m
                  [36m&gt;[39m
                    [0mPayment ID[0m
                  [36m&lt;/th&gt;[39m
                  [36m&lt;th[39m
                    [33mclass[39m=[32m&quot;sc-lgpSej ZfqIb&quot;[39m
                  [36m&gt;[39m
                    [0mDate[0m
                  [36m&lt;/th&gt;[39m
                  [36m&lt;th[39m
                    [33mclass[39m=[32m&quot;sc-lgpSej ZfqIb&quot;[39m
                  [36m&gt;[39m
                    [0mAmount[0m
                  [36m&lt;/th&gt;[39m
                  [36m&lt;th[39m
                    [33mclass[39m=[32m&quot;sc-lgpSej ZfqIb&quot;[39m
                  [36m&gt;[39m
                    [0mCustomer[0m
                  [36m&lt;/th&gt;[39m
                  [36m&lt;th[39m
                    [33mclass[39m=[32m&quot;sc-lgpSej ZfqIb&quot;[39m
                  [36m&gt;[39m
                    [0mCurrency[0m
                  [36m&lt;/th&gt;[39m
                  [36m&lt;th[39m
                    [33mclass[39m=[32m&quot;sc-lgpSej ZfqIb&quot;[39m
                  [36m&gt;[39m
                    [0mStatus[0m
                  [36m&lt;/th&gt;[39m
                [36m&lt;/tr&gt;[39m
              [36m&lt;/thead&gt;[39m
              [36m&lt;tbody[39m
                [33mclass[39m=[32m&quot;sc-jaXbil MdBot&quot;[39m
              [36m&gt;[39m
                [36m&lt;tr[39m
                  [33mclass[39m=[32m&quot;sc-eqYatC jimWgY&quot;[39m
                [36m&gt;[39m
                  [36m&lt;td[39m
                    [33mclass[39m=[32m&quot;sc-kcLKEh ghzkgo&quot;[39m
                  [36m&gt;[39m
                    [0mpay_134_1[0m
                  [36m&lt;/td&gt;[39m
                  [36m&lt;td[39m
                    [33mclass[39m=[32m&quot;sc-kcLKEh ghzkgo&quot;[39m
                  [36m&gt;[39m
                    [0m15/04/2024, 11:00:00[0m
                  [36m&lt;/td&gt;[39m
                  [36m&lt;td[39m
                    [33mclass[39m=[32m&quot;sc-kcLKEh ghzkgo&quot;[39m
                  [36m&gt;[39m
                    [0m250.00[0m
                  [36m&lt;/td&gt;[39m
                  [36m&lt;td[39m
                    [33mclass[39m=[32m&quot;sc-kcLKEh ghzkgo&quot;[39m
                  [36m&gt;[39m
                    [0mAlice Green[0m
                  [36m&lt;/td&gt;[39m
                  [36m&lt;td[39m
                    [33mclass[39m=[32m&quot;sc-kcLKEh ghzkgo&quot;[39m
                  [36m&gt;[39m
                    [0mUSD[0m
                  [36m&lt;/td&gt;[39m
                  [36m&lt;td[39m
                    [33mclass[39m=[32m&quot;sc-kcLKEh ghzkgo&quot;[39m
                  [36m&gt;[39m
                    [36m&lt;span[39m
                      [33mclass[39m=[32m&quot;sc-dntSTA ilNIKZ&quot;[39m
                      [33mstatus[39m=[32m&quot;completed&quot;[39m
                    [36m&gt;[39m
                      [0mcompleted[0m
                    [36m&lt;/span&gt;[39m
                  [36m&lt;/td&gt;[39m
                [36m&lt;/tr&gt;[39m
                [36m&lt;tr[39m
                  [33mclass[39m=[32m&quot;sc-eqYatC jimWgY&quot;[39m
                [36m&gt;[39m
                  [36m&lt;td[39m
                    [33mclass[39m=[32m&quot;sc-kcLKEh ghzkgo&quot;[39m
                  [36m&gt;[39m
                    [0mpay_134_2[0m
                  [36m&lt;/td&gt;[39m
                  [36m&lt;td[39m
                    [33mclass[39m=[32m&quot;sc-kcLKEh ghzkgo&quot;[39m
                  [36m&gt;[39m
                    [0m15/04/2024, 12:00:00[0m
                  [36m&lt;/td&gt;[39m
                  [36m&lt;td[39m
                    [33mclass[39m=[32m&quot;sc-kcLKEh ghzkgo&quot;[39m
                  [36m&gt;[39m
                    [0m150.50[0m
                  [36m&lt;/td&gt;[39m
                  [36m&lt;td[39m
                    [33mclass[39m=[32m&quot;sc-kcLKEh ghzkgo&quot;[39m
                  [36m&gt;[39m
                    [0mBob Red[0m
                  [36m&lt;/td&gt;[39m
                  [36m&lt;td[39m
                    [33mclass[39m=[32m&quot;sc-kcLKEh ghzkgo&quot;[39m
                  [36m&gt;[39m
                    [0mEUR[0m
                  [36m&lt;/td&gt;[39m
                  [36m&lt;td[39m
                    [33mclass[39m=[32m&quot;sc-kcLKEh ghzkgo&quot;[39m
                  [36m&gt;[39m
                    [36m&lt;span[39m
                      [33mclass[39m=[32m&quot;sc-dntSTA khJXFg&quot;[39m
                      [33mstatus[39m=[32m&quot;pending&quot;[39m
                    [36m&gt;[39m
                      [0mpending[0m
                    [36m&lt;/span&gt;[39m
                  [36m&lt;/td&gt;[39m
                [36m&lt;/tr&gt;[39m
                [36m&lt;tr[39m
                  [33mclass[39m=[32m&quot;sc-eqYatC jimWgY&quot;[39m
                [36m&gt;[39m
                  [36m&lt;td[39m
                    [33mclass[39m=[32m&quot;sc-kcLKEh ghzkgo&quot;[39m
                  [36m&gt;[39m
                    [0mpay_134_3[0m
                  [36m&lt;/td&gt;[39m
                  [36m&lt;td[39m
                    [33mclass[39m=[32m&quot;sc-kcLKEh ghzkgo&quot;[39m
                  [36m&gt;[39m
                    [0m16/04/2024, 10:30:00[0m
                  [36m&lt;/td&gt;[39m
                  [36m&lt;td[39m
                    [33mclass[39m=[32m&quot;sc-kcLKEh ghzkgo&quot;[39m
                  [36m&gt;[39m
                    [0m120.75[0m
                  [36m&lt;/td&gt;[39m
                  [36m&lt;td[39m
                    [33mclass[39m=[32m&quot;sc-kcLKEh ghzkgo&quot;[39m
                  [36m&gt;[39m
                    [0mEva White[0m
                  [36m&lt;/td&gt;[39m
                  [36m&lt;td[39m
                    [33mclass[39m=[32m&quot;sc-kcLKEh ghzkgo&quot;[39m
                  [36m&gt;[39m
                    [0mGBP[0m
                  [36m&lt;/td&gt;[39m
                  [36m&lt;td[39m
                    [33mclass[39m=[32m&quot;sc-kcLKEh ghzkgo&quot;[39m
                  [36m&gt;[39m
                    [36m&lt;span[39m
                      [33mclass[39m=[32m&quot;sc-dntSTA ilNIKZ&quot;[39m
                      [33mstatus[39m=[32m&quot;completed&quot;[39m
                    [36m&gt;[39m
                      [0mcompleted[0m
                    [36m&lt;/span&gt;[39m
                  [36m&lt;/td&gt;[39m
                [36m&lt;/tr&gt;[39m
                [36m&lt;tr[39m
                  [33mclass[39m=[32m&quot;sc-eqYatC jimWgY&quot;[39m
                [36m&gt;[39m
                  [36m&lt;td[39m
                    [33mclass[39m=[32m&quot;sc-kcLKEh ghzkgo&quot;[39m
                  [36m&gt;[39m
                    [0mpay_134_4[0m
                  [36m&lt;/td&gt;[39m
                  [36m&lt;td[39m
                    [33mclass[39m=[32m&quot;sc-kcLKEh ghzkgo&quot;[39m
                  [36m&gt;[39m
                    [0m17/04/2024, 11:00:00[0m
                  [36m&lt;/td&gt;[39m
                  [36m&lt;td[39m
                    [33mclass[39m=[32m&quot;sc-kcLKEh ghzkgo&quot;[39m
                  [36m&gt;[39m
                    [0m200.00[0m
                  [36m&lt;/td&gt;[39m
                  [36m&lt;td[39m
                    [33mclass[39m=[32m&quot;sc-kcLKEh ghzkgo&quot;[39m
                  [36m&gt;[39m
                    [0mDavid Black[0m
                  [36m&lt;/td&gt;[39m
                  [36m&lt;td[39m
                    [33mclass[39m=[32m&quot;sc-kcLKEh ghzkgo&quot;[39m
                  [36m&gt;[39m
                    [0mJPY[0m
                  [36m&lt;/td&gt;[39m
                  [36m&lt;td[39m
                    [33mclass[39m=[32m&quot;sc-kcLKEh ghzkgo&quot;[39m
                  [36m&gt;[39m
                    [36m&lt;span[39m
                      [33mclass[39m=[32m&quot;sc-dntSTA khJXFg&quot;[39m
                      [33mstatus[39m=[32m&quot;pending&quot;[39m
                    [36m&gt;[39m
                      [0mpending[0m
                    [36m&lt;/span&gt;[39m
                  [36m&lt;/td&gt;[39m
                [36m&lt;/tr&gt;[39m
                [36m&lt;tr[39m
                  [33mclass[39m=[32m&quot;sc-eqYatC jimWgY&quot;[39m
                [36m&gt;[39m
                  [36m&lt;td[39m
                    [33mclass[39m=[32m&quot;sc-kcLKEh ghzkgo&quot;[39m
                  [36m&gt;[39m
                    [0mpay_134_5[0m
                  [36m&lt;/td&gt;[39m
                  [36m&lt;td[39m
                    [33mclass[39m=[32m&quot;sc-kcLKEh ghzkgo&quot;[39m
                  [36m&gt;[39m
                    [0m18/04/2024, 12:00:00[0m
                  [36m&lt;/td&gt;[39m
                  [36m&lt;td[39m
                    [33mclass[39m=[32m&quot;sc-kcLKEh ghzkgo&quot;[39m
                  [36m&gt;[39m
                    [0m85.25[0m
                  [36m&lt;/td&gt;[39m
                  [36m&lt;td[39m
                    [33mclass[39m=[32m&quot;sc-kcLKEh ghzkgo&quot;[39m
                  [36m&gt;[39m
                    [0mFiona Yellow[0m
                  [36m&lt;/td&gt;[39m
                  [36m&lt;td[39m
                    [33mclass[39m=[32m&quot;sc-kcLKEh ghzkgo&quot;[39m
                  [36m&gt;[39m
                    [0mAUD[0m
                  [36m&lt;/td&gt;[39m
                  [36m&lt;td[39m
                    [33mclass[39m=[32m&quot;sc-kcLKEh ghzkgo&quot;[39m
                  [36m&gt;[39m
                    [36m&lt;span[39m
                      [33mclass[39m=[32m&quot;sc-dntSTA gCAHQk&quot;[39m
                      [33mstatus[39m=[32m&quot;failed&quot;[39m
                    [36m&gt;[39m
                      [0mfailed[0m
                    [36m&lt;/span&gt;[39m
                  [36m&lt;/td&gt;[39m
                [36m&lt;/tr&gt;[39m
              [36m&lt;/tbody&gt;[39m
            [36m&lt;/table&gt;[39m
          [36m&lt;/div&gt;[39m
        [36m&lt;/div&gt;[39m
      [36m&lt;/main&gt;[39m
    [36m&lt;/div&gt;[39m
  [36m&lt;/div&gt;[39m
[36m&lt;/body&gt;[39m" type="TestingLibraryElementError">
TestingLibraryElementError: Unable to find an accessible element with the role &quot;button&quot; and name &quot;◀ Previous&quot;

Here are the accessible roles:

  banner:

  Name &quot;&quot;:
  &lt;header
    class=&quot;bg-white shadow-sm&quot;
  /&gt;

  --------------------------------------------------
  heading:

  Name &quot;Checkout.com&quot;:
  &lt;h1
    class=&quot;text-3xl font-bold text-gray-900&quot;
  /&gt;

  Name &quot;All payments&quot;:
  &lt;h2
    class=&quot;sc-hvigdm fBPVuT&quot;
  /&gt;

  --------------------------------------------------
  main:

  Name &quot;&quot;:
  &lt;main
    class=&quot;max-w-7xl mx-auto py-6 sm:px-6 lg:px-8&quot;
  /&gt;

  --------------------------------------------------
  textbox:

  Name &quot;&quot;:
  &lt;input
    class=&quot;sc-dTvVRJ fpvSvd&quot;
    placeholder=&quot;Enter payment ID&quot;
    type=&quot;text&quot;
    value=&quot;&quot;
  /&gt;

  --------------------------------------------------
  button:

  Name &quot;Search&quot;:
  &lt;button
    class=&quot;sc-hjsuWn dbdxIj&quot;
  /&gt;

  --------------------------------------------------
  table:

  Name &quot;&quot;:
  &lt;table
    class=&quot;sc-dYwGCk eULYsB&quot;
  /&gt;

  --------------------------------------------------
  rowgroup:

  Name &quot;&quot;:
  &lt;thead
    class=&quot;sc-gGKoUb hOCBLK&quot;
  /&gt;

  Name &quot;&quot;:
  &lt;tbody
    class=&quot;sc-jaXbil MdBot&quot;
  /&gt;

  --------------------------------------------------
  row:

  Name &quot;Payment ID Date Amount Customer Currency Status&quot;:
  &lt;tr
    class=&quot;sc-hwddKA dZtaYe&quot;
  /&gt;

  Name &quot;pay_134_1 15/04/2024, 11:00:00 250.00 Alice Green USD completed&quot;:
  &lt;tr
    class=&quot;sc-eqYatC jimWgY&quot;
  /&gt;

  Name &quot;pay_134_2 15/04/2024, 12:00:00 150.50 Bob Red EUR pending&quot;:
  &lt;tr
    class=&quot;sc-eqYatC jimWgY&quot;
  /&gt;

  Name &quot;pay_134_3 16/04/2024, 10:30:00 120.75 Eva White GBP completed&quot;:
  &lt;tr
    class=&quot;sc-eqYatC jimWgY&quot;
  /&gt;

  Name &quot;pay_134_4 17/04/2024, 11:00:00 200.00 David Black JPY pending&quot;:
  &lt;tr
    class=&quot;sc-eqYatC jimWgY&quot;
  /&gt;

  Name &quot;pay_134_5 18/04/2024, 12:00:00 85.25 Fiona Yellow AUD failed&quot;:
  &lt;tr
    class=&quot;sc-eqYatC jimWgY&quot;
  /&gt;

  --------------------------------------------------
  columnheader:

  Name &quot;Payment ID&quot;:
  &lt;th
    class=&quot;sc-lgpSej ZfqIb&quot;
  /&gt;

  Name &quot;Date&quot;:
  &lt;th
    class=&quot;sc-lgpSej ZfqIb&quot;
  /&gt;

  Name &quot;Amount&quot;:
  &lt;th
    class=&quot;sc-lgpSej ZfqIb&quot;
  /&gt;

  Name &quot;Customer&quot;:
  &lt;th
    class=&quot;sc-lgpSej ZfqIb&quot;
  /&gt;

  Name &quot;Currency&quot;:
  &lt;th
    class=&quot;sc-lgpSej ZfqIb&quot;
  /&gt;

  Name &quot;Status&quot;:
  &lt;th
    class=&quot;sc-lgpSej ZfqIb&quot;
  /&gt;

  --------------------------------------------------
  cell:

  Name &quot;pay_134_1&quot;:
  &lt;td
    class=&quot;sc-kcLKEh ghzkgo&quot;
  /&gt;

  Name &quot;15/04/2024, 11:00:00&quot;:
  &lt;td
    class=&quot;sc-kcLKEh ghzkgo&quot;
  /&gt;

  Name &quot;250.00&quot;:
  &lt;td
    class=&quot;sc-kcLKEh ghzkgo&quot;
  /&gt;

  Name &quot;Alice Green&quot;:
  &lt;td
    class=&quot;sc-kcLKEh ghzkgo&quot;
  /&gt;

  Name &quot;USD&quot;:
  &lt;td
    class=&quot;sc-kcLKEh ghzkgo&quot;
  /&gt;

  Name &quot;completed&quot;:
  &lt;td
    class=&quot;sc-kcLKEh ghzkgo&quot;
  /&gt;

  Name &quot;pay_134_2&quot;:
  &lt;td
    class=&quot;sc-kcLKEh ghzkgo&quot;
  /&gt;

  Name &quot;15/04/2024, 12:00:00&quot;:
  &lt;td
    class=&quot;sc-kcLKEh ghzkgo&quot;
  /&gt;

  Name &quot;150.50&quot;:
  &lt;td
    class=&quot;sc-kcLKEh ghzkgo&quot;
  /&gt;

  Name &quot;Bob Red&quot;:
  &lt;td
    class=&quot;sc-kcLKEh ghzkgo&quot;
  /&gt;

  Name &quot;EUR&quot;:
  &lt;td
    class=&quot;sc-kcLKEh ghzkgo&quot;
  /&gt;

  Name &quot;pending&quot;:
  &lt;td
    class=&quot;sc-kcLKEh ghzkgo&quot;
  /&gt;

  Name &quot;pay_134_3&quot;:
  &lt;td
    class=&quot;sc-kcLKEh ghzkgo&quot;
  /&gt;

  Name &quot;16/04/2024, 10:30:00&quot;:
  &lt;td
    class=&quot;sc-kcLKEh ghzkgo&quot;
  /&gt;

  Name &quot;120.75&quot;:
  &lt;td
    class=&quot;sc-kcLKEh ghzkgo&quot;
  /&gt;

  Name &quot;Eva White&quot;:
  &lt;td
    class=&quot;sc-kcLKEh ghzkgo&quot;
  /&gt;

  Name &quot;GBP&quot;:
  &lt;td
    class=&quot;sc-kcLKEh ghzkgo&quot;
  /&gt;

  Name &quot;completed&quot;:
  &lt;td
    class=&quot;sc-kcLKEh ghzkgo&quot;
  /&gt;

  Name &quot;pay_134_4&quot;:
  &lt;td
    class=&quot;sc-kcLKEh ghzkgo&quot;
  /&gt;

  Name &quot;17/04/2024, 11:00:00&quot;:
  &lt;td
    class=&quot;sc-kcLKEh ghzkgo&quot;
  /&gt;

  Name &quot;200.00&quot;:
  &lt;td
    class=&quot;sc-kcLKEh ghzkgo&quot;
  /&gt;

  Name &quot;David Black&quot;:
  &lt;td
    class=&quot;sc-kcLKEh ghzkgo&quot;
  /&gt;

  Name &quot;JPY&quot;:
  &lt;td
    class=&quot;sc-kcLKEh ghzkgo&quot;
  /&gt;

  Name &quot;pending&quot;:
  &lt;td
    class=&quot;sc-kcLKEh ghzkgo&quot;
  /&gt;

  Name &quot;pay_134_5&quot;:
  &lt;td
    class=&quot;sc-kcLKEh ghzkgo&quot;
  /&gt;

  Name &quot;18/04/2024, 12:00:00&quot;:
  &lt;td
    class=&quot;sc-kcLKEh ghzkgo&quot;
  /&gt;

  Name &quot;85.25&quot;:
  &lt;td
    class=&quot;sc-kcLKEh ghzkgo&quot;
  /&gt;

  Name &quot;Fiona Yellow&quot;:
  &lt;td
    class=&quot;sc-kcLKEh ghzkgo&quot;
  /&gt;

  Name &quot;AUD&quot;:
  &lt;td
    class=&quot;sc-kcLKEh ghzkgo&quot;
  /&gt;

  Name &quot;failed&quot;:
  &lt;td
    class=&quot;sc-kcLKEh ghzkgo&quot;
  /&gt;

  --------------------------------------------------

Ignored nodes: comments, script, style
&lt;body&gt;
  &lt;div&gt;
    &lt;div
      class=&quot;min-h-screen bg-gray-50&quot;
    &gt;
      &lt;header
        class=&quot;bg-white shadow-sm&quot;
      &gt;
        &lt;div
          class=&quot;max-w-7xl mx-auto py-6 px-4 sm:px-6 lg:px-8&quot;
        &gt;
          &lt;h1
            class=&quot;text-3xl font-bold text-gray-900&quot;
          &gt;
            Checkout.com
          &lt;/h1&gt;
        &lt;/div&gt;
      &lt;/header&gt;
      &lt;main
        class=&quot;max-w-7xl mx-auto py-6 sm:px-6 lg:px-8&quot;
      &gt;
        &lt;div
          class=&quot;sc-bRKDuR jKQypZ&quot;
        &gt;
          &lt;h2
            class=&quot;sc-hvigdm fBPVuT&quot;
          &gt;
            All payments
          &lt;/h2&gt;
          &lt;div
            class=&quot;sc-fhHczv iXDOkW&quot;
          &gt;
            &lt;input
              class=&quot;sc-dTvVRJ fpvSvd&quot;
              placeholder=&quot;Enter payment ID&quot;
              type=&quot;text&quot;
              value=&quot;&quot;
            /&gt;
            &lt;button
              class=&quot;sc-hjsuWn dbdxIj&quot;
            &gt;
              Search
            &lt;/button&gt;
          &lt;/div&gt;
          &lt;div
            class=&quot;sc-kNOymR ibVggx&quot;
          &gt;
            &lt;table
              class=&quot;sc-dYwGCk eULYsB&quot;
            &gt;
              &lt;thead
                class=&quot;sc-gGKoUb hOCBLK&quot;
              &gt;
                &lt;tr
                  class=&quot;sc-hwddKA dZtaYe&quot;
                &gt;
                  &lt;th
                    class=&quot;sc-lgpSej ZfqIb&quot;
                  &gt;
                    Payment ID
                  &lt;/th&gt;
                  &lt;th
                    class=&quot;sc-lgpSej ZfqIb&quot;
                  &gt;
                    Date
                  &lt;/th&gt;
                  &lt;th
                    class=&quot;sc-lgpSej ZfqIb&quot;
                  &gt;
                    Amount
                  &lt;/th&gt;
                  &lt;th
                    class=&quot;sc-lgpSej ZfqIb&quot;
                  &gt;
                    Customer
                  &lt;/th&gt;
                  &lt;th
                    class=&quot;sc-lgpSej ZfqIb&quot;
                  &gt;
                    Currency
                  &lt;/th&gt;
                  &lt;th
                    class=&quot;sc-lgpSej ZfqIb&quot;
                  &gt;
                    Status
                  &lt;/th&gt;
                &lt;/tr&gt;
              &lt;/thead&gt;
              &lt;tbody
                class=&quot;sc-jaXbil MdBot&quot;
              &gt;
                &lt;tr
                  class=&quot;sc-eqYatC jimWgY&quot;
                &gt;
                  &lt;td
                    class=&quot;sc-kcLKEh ghzkgo&quot;
                  &gt;
                    pay_134_1
                  &lt;/td&gt;
                  &lt;td
                    class=&quot;sc-kcLKEh ghzkgo&quot;
                  &gt;
                    15/04/2024, 11:00:00
                  &lt;/td&gt;
                  &lt;td
                    class=&quot;sc-kcLKEh ghzkgo&quot;
                  &gt;
                    250.00
                  &lt;/td&gt;
                  &lt;td
                    class=&quot;sc-kcLKEh ghzkgo&quot;
                  &gt;
                    Alice Green
                  &lt;/td&gt;
                  &lt;td
                    class=&quot;sc-kcLKEh ghzkgo&quot;
                  &gt;
                    USD
                  &lt;/td&gt;
                  &lt;td
                    class=&quot;sc-kcLKEh ghzkgo&quot;
                  &gt;
                    &lt;span
                      class=&quot;sc-dntSTA ilNIKZ&quot;
                      status=&quot;completed&quot;
                    &gt;
                      completed
                    &lt;/span&gt;
                  &lt;/td&gt;
                &lt;/tr&gt;
                &lt;tr
                  class=&quot;sc-eqYatC jimWgY&quot;
                &gt;
                  &lt;td
                    class=&quot;sc-kcLKEh ghzkgo&quot;
                  &gt;
                    pay_134_2
                  &lt;/td&gt;
                  &lt;td
                    class=&quot;sc-kcLKEh ghzkgo&quot;
                  &gt;
                    15/04/2024, 12:00:00
                  &lt;/td&gt;
                  &lt;td
                    class=&quot;sc-kcLKEh ghzkgo&quot;
                  &gt;
                    150.50
                  &lt;/td&gt;
                  &lt;td
                    class=&quot;sc-kcLKEh ghzkgo&quot;
                  &gt;
                    Bob Red
                  &lt;/td&gt;
                  &lt;td
                    class=&quot;sc-kcLKEh ghzkgo&quot;
                  &gt;
                    EUR
                  &lt;/td&gt;
                  &lt;td
                    class=&quot;sc-kcLKEh ghzkgo&quot;
                  &gt;
                    &lt;span
                      class=&quot;sc-dntSTA khJXFg&quot;
                      status=&quot;pending&quot;
                    &gt;
                      pending
                    &lt;/span&gt;
                  &lt;/td&gt;
                &lt;/tr&gt;
                &lt;tr
                  class=&quot;sc-eqYatC jimWgY&quot;
                &gt;
                  &lt;td
                    class=&quot;sc-kcLKEh ghzkgo&quot;
                  &gt;
                    pay_134_3
                  &lt;/td&gt;
                  &lt;td
                    class=&quot;sc-kcLKEh ghzkgo&quot;
                  &gt;
                    16/04/2024, 10:30:00
                  &lt;/td&gt;
                  &lt;td
                    class=&quot;sc-kcLKEh ghzkgo&quot;
                  &gt;
                    120.75
                  &lt;/td&gt;
                  &lt;td
                    class=&quot;sc-kcLKEh ghzkgo&quot;
                  &gt;
                    Eva White
                  &lt;/td&gt;
                  &lt;td
                    class=&quot;sc-kcLKEh ghzkgo&quot;
                  &gt;
                    GBP
                  &lt;/td&gt;
                  &lt;td
                    class=&quot;sc-kcLKEh ghzkgo&quot;
                  &gt;
                    &lt;span
                      class=&quot;sc-dntSTA ilNIKZ&quot;
                      status=&quot;completed&quot;
                    &gt;
                      completed
                    &lt;/span&gt;
                  &lt;/td&gt;
                &lt;/tr&gt;
                &lt;tr
                  class=&quot;sc-eqYatC jimWgY&quot;
                &gt;
                  &lt;td
                    class=&quot;sc-kcLKEh ghzkgo&quot;
                  &gt;
                    pay_134_4
                  &lt;/td&gt;
                  &lt;td
                    class=&quot;sc-kcLKEh ghzkgo&quot;
                  &gt;
                    17/04/2024, 11:00:00
                  &lt;/td&gt;
                  &lt;td
                    class=&quot;sc-kcLKEh ghzkgo&quot;
                  &gt;
                    200.00
                  &lt;/td&gt;
                  &lt;td
                    class=&quot;sc-kcLKEh ghzkgo&quot;
                  &gt;
                    David Black
                  &lt;/td&gt;
                  &lt;td
                    class=&quot;sc-kcLKEh ghzkgo&quot;
                  &gt;
                    JPY
                  &lt;/td&gt;
                  &lt;td
                    class=&quot;sc-kcLKEh ghzkgo&quot;
                  &gt;
                    &lt;span
                      class=&quot;sc-dntSTA khJXFg&quot;
                      status=&quot;pending&quot;
                    &gt;
                      pending
                    &lt;/span&gt;
                  &lt;/td&gt;
                &lt;/tr&gt;
                &lt;tr
                  class=&quot;sc-eqYatC jimWgY&quot;
                &gt;
                  &lt;td
                    class=&quot;sc-kcLKEh ghzkgo&quot;
                  &gt;
                    pay_134_5
                  &lt;/td&gt;
                  &lt;td
                    class=&quot;sc-kcLKEh ghzkgo&quot;
                  &gt;
                    18/04/2024, 12:00:00
                  &lt;/td&gt;
                  &lt;td
                    class=&quot;sc-kcLKEh ghzkgo&quot;
                  &gt;
                    85.25
                  &lt;/td&gt;
                  &lt;td
                    class=&quot;sc-kcLKEh ghzkgo&quot;
                  &gt;
                    Fiona Yellow
                  &lt;/td&gt;
                  &lt;td
                    class=&quot;sc-kcLKEh ghzkgo&quot;
                  &gt;
                    AUD
                  &lt;/td&gt;
                  &lt;td
                    class=&quot;sc-kcLKEh ghzkgo&quot;
                  &gt;
                    &lt;span
                      class=&quot;sc-dntSTA gCAHQk&quot;
                      status=&quot;failed&quot;
                    &gt;
                      failed
                    &lt;/span&gt;
                  &lt;/td&gt;
                &lt;/tr&gt;
              &lt;/tbody&gt;
            &lt;/table&gt;
          &lt;/div&gt;
        &lt;/div&gt;
      &lt;/main&gt;
    &lt;/div&gt;
  &lt;/div&gt;
&lt;/body&gt;
 ❯ Object.getElementError node_modules/@testing-library/dom/dist/config.js:37:19
 ❯ node_modules/@testing-library/dom/dist/query-helpers.js:76:38
 ❯ node_modules/@testing-library/dom/dist/query-helpers.js:52:17
 ❯ node_modules/@testing-library/dom/dist/query-helpers.js:95:19
 ❯ src/App.test.tsx:228:19
            </failure>
        </testcase>
        <testcase classname="src/App.test.tsx" name="App - Step 8: Pagination &gt; should disable previous button on first page" time="0.0468256">
            <failure message="Unable to find an accessible element with the role &quot;button&quot; and name &quot;◀ Previous&quot;

Here are the accessible roles:

  banner:

  Name &quot;&quot;:
  [36m&lt;header[39m
    [33mclass[39m=[32m&quot;bg-white shadow-sm&quot;[39m
  [36m/&gt;[39m

  --------------------------------------------------
  heading:

  Name &quot;Checkout.com&quot;:
  [36m&lt;h1[39m
    [33mclass[39m=[32m&quot;text-3xl font-bold text-gray-900&quot;[39m
  [36m/&gt;[39m

  Name &quot;All payments&quot;:
  [36m&lt;h2[39m
    [33mclass[39m=[32m&quot;sc-hvigdm fBPVuT&quot;[39m
  [36m/&gt;[39m

  --------------------------------------------------
  main:

  Name &quot;&quot;:
  [36m&lt;main[39m
    [33mclass[39m=[32m&quot;max-w-7xl mx-auto py-6 sm:px-6 lg:px-8&quot;[39m
  [36m/&gt;[39m

  --------------------------------------------------
  textbox:

  Name &quot;&quot;:
  [36m&lt;input[39m
    [33mclass[39m=[32m&quot;sc-dTvVRJ fpvSvd&quot;[39m
    [33mplaceholder[39m=[32m&quot;Enter payment ID&quot;[39m
    [33mtype[39m=[32m&quot;text&quot;[39m
    [33mvalue[39m=[32m&quot;&quot;[39m
  [36m/&gt;[39m

  --------------------------------------------------
  button:

  Name &quot;Search&quot;:
  [36m&lt;button[39m
    [33mclass[39m=[32m&quot;sc-hjsuWn dbdxIj&quot;[39m
  [36m/&gt;[39m

  --------------------------------------------------
  table:

  Name &quot;&quot;:
  [36m&lt;table[39m
    [33mclass[39m=[32m&quot;sc-dYwGCk eULYsB&quot;[39m
  [36m/&gt;[39m

  --------------------------------------------------
  rowgroup:

  Name &quot;&quot;:
  [36m&lt;thead[39m
    [33mclass[39m=[32m&quot;sc-gGKoUb hOCBLK&quot;[39m
  [36m/&gt;[39m

  Name &quot;&quot;:
  [36m&lt;tbody[39m
    [33mclass[39m=[32m&quot;sc-jaXbil MdBot&quot;[39m
  [36m/&gt;[39m

  --------------------------------------------------
  row:

  Name &quot;Payment ID Date Amount Customer Currency Status&quot;:
  [36m&lt;tr[39m
    [33mclass[39m=[32m&quot;sc-hwddKA dZtaYe&quot;[39m
  [36m/&gt;[39m

  Name &quot;No payments found.&quot;:
  [36m&lt;tr /&gt;[39m

  --------------------------------------------------
  columnheader:

  Name &quot;Payment ID&quot;:
  [36m&lt;th[39m
    [33mclass[39m=[32m&quot;sc-lgpSej ZfqIb&quot;[39m
  [36m/&gt;[39m

  Name &quot;Date&quot;:
  [36m&lt;th[39m
    [33mclass[39m=[32m&quot;sc-lgpSej ZfqIb&quot;[39m
  [36m/&gt;[39m

  Name &quot;Amount&quot;:
  [36m&lt;th[39m
    [33mclass[39m=[32m&quot;sc-lgpSej ZfqIb&quot;[39m
  [36m/&gt;[39m

  Name &quot;Customer&quot;:
  [36m&lt;th[39m
    [33mclass[39m=[32m&quot;sc-lgpSej ZfqIb&quot;[39m
  [36m/&gt;[39m

  Name &quot;Currency&quot;:
  [36m&lt;th[39m
    [33mclass[39m=[32m&quot;sc-lgpSej ZfqIb&quot;[39m
  [36m/&gt;[39m

  Name &quot;Status&quot;:
  [36m&lt;th[39m
    [33mclass[39m=[32m&quot;sc-lgpSej ZfqIb&quot;[39m
  [36m/&gt;[39m

  --------------------------------------------------
  cell:

  Name &quot;No payments found.&quot;:
  [36m&lt;td[39m
    [33mcolspan[39m=[32m&quot;6&quot;[39m
  [36m/&gt;[39m

  --------------------------------------------------

Ignored nodes: comments, script, style
[36m&lt;body&gt;[39m
  [36m&lt;div&gt;[39m
    [36m&lt;div[39m
      [33mclass[39m=[32m&quot;min-h-screen bg-gray-50&quot;[39m
    [36m&gt;[39m
      [36m&lt;header[39m
        [33mclass[39m=[32m&quot;bg-white shadow-sm&quot;[39m
      [36m&gt;[39m
        [36m&lt;div[39m
          [33mclass[39m=[32m&quot;max-w-7xl mx-auto py-6 px-4 sm:px-6 lg:px-8&quot;[39m
        [36m&gt;[39m
          [36m&lt;h1[39m
            [33mclass[39m=[32m&quot;text-3xl font-bold text-gray-900&quot;[39m
          [36m&gt;[39m
            [0mCheckout.com[0m
          [36m&lt;/h1&gt;[39m
        [36m&lt;/div&gt;[39m
      [36m&lt;/header&gt;[39m
      [36m&lt;main[39m
        [33mclass[39m=[32m&quot;max-w-7xl mx-auto py-6 sm:px-6 lg:px-8&quot;[39m
      [36m&gt;[39m
        [36m&lt;div[39m
          [33mclass[39m=[32m&quot;sc-bRKDuR jKQypZ&quot;[39m
        [36m&gt;[39m
          [36m&lt;h2[39m
            [33mclass[39m=[32m&quot;sc-hvigdm fBPVuT&quot;[39m
          [36m&gt;[39m
            [0mAll payments[0m
          [36m&lt;/h2&gt;[39m
          [36m&lt;div[39m
            [33mclass[39m=[32m&quot;sc-fhHczv iXDOkW&quot;[39m
          [36m&gt;[39m
            [36m&lt;input[39m
              [33mclass[39m=[32m&quot;sc-dTvVRJ fpvSvd&quot;[39m
              [33mplaceholder[39m=[32m&quot;Enter payment ID&quot;[39m
              [33mtype[39m=[32m&quot;text&quot;[39m
              [33mvalue[39m=[32m&quot;&quot;[39m
            [36m/&gt;[39m
            [36m&lt;button[39m
              [33mclass[39m=[32m&quot;sc-hjsuWn dbdxIj&quot;[39m
            [36m&gt;[39m
              [0mSearch[0m
            [36m&lt;/button&gt;[39m
          [36m&lt;/div&gt;[39m
          [36m&lt;div[39m
            [33mclass[39m=[32m&quot;sc-kNOymR ibVggx&quot;[39m
          [36m&gt;[39m
            [36m&lt;table[39m
              [33mclass[39m=[32m&quot;sc-dYwGCk eULYsB&quot;[39m
            [36m&gt;[39m
              [36m&lt;thead[39m
                [33mclass[39m=[32m&quot;sc-gGKoUb hOCBLK&quot;[39m
              [36m&gt;[39m
                [36m&lt;tr[39m
                  [33mclass[39m=[32m&quot;sc-hwddKA dZtaYe&quot;[39m
                [36m&gt;[39m
                  [36m&lt;th[39m
                    [33mclass[39m=[32m&quot;sc-lgpSej ZfqIb&quot;[39m
                  [36m&gt;[39m
                    [0mPayment ID[0m
                  [36m&lt;/th&gt;[39m
                  [36m&lt;th[39m
                    [33mclass[39m=[32m&quot;sc-lgpSej ZfqIb&quot;[39m
                  [36m&gt;[39m
                    [0mDate[0m
                  [36m&lt;/th&gt;[39m
                  [36m&lt;th[39m
                    [33mclass[39m=[32m&quot;sc-lgpSej ZfqIb&quot;[39m
                  [36m&gt;[39m
                    [0mAmount[0m
                  [36m&lt;/th&gt;[39m
                  [36m&lt;th[39m
                    [33mclass[39m=[32m&quot;sc-lgpSej ZfqIb&quot;[39m
                  [36m&gt;[39m
                    [0mCustomer[0m
                  [36m&lt;/th&gt;[39m
                  [36m&lt;th[39m
                    [33mclass[39m=[32m&quot;sc-lgpSej ZfqIb&quot;[39m
                  [36m&gt;[39m
                    [0mCurrency[0m
                  [36m&lt;/th&gt;[39m
                  [36m&lt;th[39m
                    [33mclass[39m=[32m&quot;sc-lgpSej ZfqIb&quot;[39m
                  [36m&gt;[39m
                    [0mStatus[0m
                  [36m&lt;/th&gt;[39m
                [36m&lt;/tr&gt;[39m
              [36m&lt;/thead&gt;[39m
              [36m&lt;tbody[39m
                [33mclass[39m=[32m&quot;sc-jaXbil MdBot&quot;[39m
              [36m&gt;[39m
                [36m&lt;tr&gt;[39m
                  [36m&lt;td[39m
                    [33mcolspan[39m=[32m&quot;6&quot;[39m
                  [36m&gt;[39m
                    [36m&lt;div[39m
                      [33mclass[39m=[32m&quot;sc-kCuUfV kgGnDo&quot;[39m
                    [36m&gt;[39m
                      [0mNo payments found.[0m
                    [36m&lt;/div&gt;[39m
                  [36m&lt;/td&gt;[39m
                [36m&lt;/tr&gt;[39m
              [36m&lt;/tbody&gt;[39m
            [36m&lt;/table&gt;[39m
          [36m&lt;/div&gt;[39m
        [36m&lt;/div&gt;[39m
      [36m&lt;/main&gt;[39m
    [36m&lt;/div&gt;[39m
  [36m&lt;/div&gt;[39m
[36m&lt;/body&gt;[39m" type="TestingLibraryElementError">
TestingLibraryElementError: Unable to find an accessible element with the role &quot;button&quot; and name &quot;◀ Previous&quot;

Here are the accessible roles:

  banner:

  Name &quot;&quot;:
  &lt;header
    class=&quot;bg-white shadow-sm&quot;
  /&gt;

  --------------------------------------------------
  heading:

  Name &quot;Checkout.com&quot;:
  &lt;h1
    class=&quot;text-3xl font-bold text-gray-900&quot;
  /&gt;

  Name &quot;All payments&quot;:
  &lt;h2
    class=&quot;sc-hvigdm fBPVuT&quot;
  /&gt;

  --------------------------------------------------
  main:

  Name &quot;&quot;:
  &lt;main
    class=&quot;max-w-7xl mx-auto py-6 sm:px-6 lg:px-8&quot;
  /&gt;

  --------------------------------------------------
  textbox:

  Name &quot;&quot;:
  &lt;input
    class=&quot;sc-dTvVRJ fpvSvd&quot;
    placeholder=&quot;Enter payment ID&quot;
    type=&quot;text&quot;
    value=&quot;&quot;
  /&gt;

  --------------------------------------------------
  button:

  Name &quot;Search&quot;:
  &lt;button
    class=&quot;sc-hjsuWn dbdxIj&quot;
  /&gt;

  --------------------------------------------------
  table:

  Name &quot;&quot;:
  &lt;table
    class=&quot;sc-dYwGCk eULYsB&quot;
  /&gt;

  --------------------------------------------------
  rowgroup:

  Name &quot;&quot;:
  &lt;thead
    class=&quot;sc-gGKoUb hOCBLK&quot;
  /&gt;

  Name &quot;&quot;:
  &lt;tbody
    class=&quot;sc-jaXbil MdBot&quot;
  /&gt;

  --------------------------------------------------
  row:

  Name &quot;Payment ID Date Amount Customer Currency Status&quot;:
  &lt;tr
    class=&quot;sc-hwddKA dZtaYe&quot;
  /&gt;

  Name &quot;No payments found.&quot;:
  &lt;tr /&gt;

  --------------------------------------------------
  columnheader:

  Name &quot;Payment ID&quot;:
  &lt;th
    class=&quot;sc-lgpSej ZfqIb&quot;
  /&gt;

  Name &quot;Date&quot;:
  &lt;th
    class=&quot;sc-lgpSej ZfqIb&quot;
  /&gt;

  Name &quot;Amount&quot;:
  &lt;th
    class=&quot;sc-lgpSej ZfqIb&quot;
  /&gt;

  Name &quot;Customer&quot;:
  &lt;th
    class=&quot;sc-lgpSej ZfqIb&quot;
  /&gt;

  Name &quot;Currency&quot;:
  &lt;th
    class=&quot;sc-lgpSej ZfqIb&quot;
  /&gt;

  Name &quot;Status&quot;:
  &lt;th
    class=&quot;sc-lgpSej ZfqIb&quot;
  /&gt;

  --------------------------------------------------
  cell:

  Name &quot;No payments found.&quot;:
  &lt;td
    colspan=&quot;6&quot;
  /&gt;

  --------------------------------------------------

Ignored nodes: comments, script, style
&lt;body&gt;
  &lt;div&gt;
    &lt;div
      class=&quot;min-h-screen bg-gray-50&quot;
    &gt;
      &lt;header
        class=&quot;bg-white shadow-sm&quot;
      &gt;
        &lt;div
          class=&quot;max-w-7xl mx-auto py-6 px-4 sm:px-6 lg:px-8&quot;
        &gt;
          &lt;h1
            class=&quot;text-3xl font-bold text-gray-900&quot;
          &gt;
            Checkout.com
          &lt;/h1&gt;
        &lt;/div&gt;
      &lt;/header&gt;
      &lt;main
        class=&quot;max-w-7xl mx-auto py-6 sm:px-6 lg:px-8&quot;
      &gt;
        &lt;div
          class=&quot;sc-bRKDuR jKQypZ&quot;
        &gt;
          &lt;h2
            class=&quot;sc-hvigdm fBPVuT&quot;
          &gt;
            All payments
          &lt;/h2&gt;
          &lt;div
            class=&quot;sc-fhHczv iXDOkW&quot;
          &gt;
            &lt;input
              class=&quot;sc-dTvVRJ fpvSvd&quot;
              placeholder=&quot;Enter payment ID&quot;
              type=&quot;text&quot;
              value=&quot;&quot;
            /&gt;
            &lt;button
              class=&quot;sc-hjsuWn dbdxIj&quot;
            &gt;
              Search
            &lt;/button&gt;
          &lt;/div&gt;
          &lt;div
            class=&quot;sc-kNOymR ibVggx&quot;
          &gt;
            &lt;table
              class=&quot;sc-dYwGCk eULYsB&quot;
            &gt;
              &lt;thead
                class=&quot;sc-gGKoUb hOCBLK&quot;
              &gt;
                &lt;tr
                  class=&quot;sc-hwddKA dZtaYe&quot;
                &gt;
                  &lt;th
                    class=&quot;sc-lgpSej ZfqIb&quot;
                  &gt;
                    Payment ID
                  &lt;/th&gt;
                  &lt;th
                    class=&quot;sc-lgpSej ZfqIb&quot;
                  &gt;
                    Date
                  &lt;/th&gt;
                  &lt;th
                    class=&quot;sc-lgpSej ZfqIb&quot;
                  &gt;
                    Amount
                  &lt;/th&gt;
                  &lt;th
                    class=&quot;sc-lgpSej ZfqIb&quot;
                  &gt;
                    Customer
                  &lt;/th&gt;
                  &lt;th
                    class=&quot;sc-lgpSej ZfqIb&quot;
                  &gt;
                    Currency
                  &lt;/th&gt;
                  &lt;th
                    class=&quot;sc-lgpSej ZfqIb&quot;
                  &gt;
                    Status
                  &lt;/th&gt;
                &lt;/tr&gt;
              &lt;/thead&gt;
              &lt;tbody
                class=&quot;sc-jaXbil MdBot&quot;
              &gt;
                &lt;tr&gt;
                  &lt;td
                    colspan=&quot;6&quot;
                  &gt;
                    &lt;div
                      class=&quot;sc-kCuUfV kgGnDo&quot;
                    &gt;
                      No payments found.
                    &lt;/div&gt;
                  &lt;/td&gt;
                &lt;/tr&gt;
              &lt;/tbody&gt;
            &lt;/table&gt;
          &lt;/div&gt;
        &lt;/div&gt;
      &lt;/main&gt;
    &lt;/div&gt;
  &lt;/div&gt;
&lt;/body&gt;
 ❯ Object.getElementError node_modules/@testing-library/dom/dist/config.js:37:19
 ❯ node_modules/@testing-library/dom/dist/query-helpers.js:76:38
 ❯ node_modules/@testing-library/dom/dist/query-helpers.js:52:17
 ❯ node_modules/@testing-library/dom/dist/query-helpers.js:95:19
 ❯ src/App.test.tsx:240:35
            </failure>
        </testcase>
    </testsuite>
</testsuites>
